<?xml version="1.0" encoding="UTF-8"?>
<coverage generated="1641875847703" clover="3.2.0">
  <project timestamp="1641875847705" name="All files">
    <metrics statements="254" coveredstatements="209" conditionals="82" coveredconditionals="59" methods="70" coveredmethods="61" elements="406" coveredelements="329" complexity="0" loc="254" ncloc="254" packages="5" files="27" classes="27"/>
    <package name="src">
      <metrics statements="5" coveredstatements="5" conditionals="0" coveredconditionals="0" methods="1" coveredmethods="1"/>
      <file name="App.tsx" path="/Users/neilgebhard/mern-reddit/frontend/src/App.tsx">
        <metrics statements="4" coveredstatements="4" conditionals="0" coveredconditionals="0" methods="1" coveredmethods="1"/>
        <line num="11" count="18" type="stmt"/>
        <line num="12" count="18" type="stmt"/>
        <line num="14" count="18" type="stmt"/>
        <line num="15" count="36" type="stmt"/>
      </file>
      <file name="index.tsx" path="/Users/neilgebhard/mern-reddit/frontend/src/index.tsx">
        <metrics statements="1" coveredstatements="1" conditionals="0" coveredconditionals="0" methods="0" coveredmethods="0"/>
        <line num="7" count="18" type="stmt"/>
      </file>
    </package>
    <package name="src.components">
      <metrics statements="133" coveredstatements="99" conditionals="41" coveredconditionals="24" methods="41" coveredmethods="32"/>
      <file name="Comment.tsx" path="/Users/neilgebhard/mern-reddit/frontend/src/components/Comment.tsx">
        <metrics statements="8" coveredstatements="8" conditionals="2" coveredconditionals="2" methods="5" coveredmethods="5"/>
        <line num="18" count="18" type="stmt"/>
        <line num="19" count="30" type="stmt"/>
        <line num="21" count="30" type="stmt"/>
        <line num="22" count="2" type="stmt"/>
        <line num="23" count="2" type="stmt"/>
        <line num="26" count="30" type="stmt"/>
        <line num="38" count="2" type="stmt"/>
        <line num="60" count="6" type="stmt"/>
      </file>
      <file name="CommentList.tsx" path="/Users/neilgebhard/mern-reddit/frontend/src/components/CommentList.tsx">
        <metrics statements="5" coveredstatements="5" conditionals="2" coveredconditionals="2" methods="2" coveredmethods="2"/>
        <line num="9" count="18" type="stmt"/>
        <line num="10" count="30" type="cond" truecount="2" falsecount="0"/>
        <line num="11" count="8" type="stmt"/>
        <line num="18" count="22" type="stmt"/>
        <line num="21" count="22" type="stmt"/>
      </file>
      <file name="CreateComment.tsx" path="/Users/neilgebhard/mern-reddit/frontend/src/components/CreateComment.tsx">
        <metrics statements="20" coveredstatements="17" conditionals="2" coveredconditionals="1" methods="3" coveredmethods="3"/>
        <line num="18" count="18" type="stmt"/>
        <line num="22" count="18" type="stmt"/>
        <line num="23" count="42" type="stmt"/>
        <line num="24" count="42" type="stmt"/>
        <line num="25" count="42" type="stmt"/>
        <line num="26" count="42" type="stmt"/>
        <line num="28" count="42" type="stmt"/>
        <line num="32" count="2" type="stmt"/>
        <line num="33" count="2" type="stmt"/>
        <line num="34" count="2" type="stmt"/>
        <line num="35" count="2" type="stmt"/>
        <line num="39" count="2" type="stmt"/>
        <line num="40" count="2" type="stmt"/>
        <line num="41" count="2" type="stmt"/>
        <line num="47" count="0" type="stmt"/>
        <line num="48" count="0" type="stmt"/>
        <line num="49" count="0" type="stmt"/>
        <line num="53" count="42" type="stmt"/>
        <line num="54" count="42" type="stmt"/>
        <line num="57" count="2" type="stmt"/>
      </file>
      <file name="CreateReply.tsx" path="/Users/neilgebhard/mern-reddit/frontend/src/components/CreateReply.tsx">
        <metrics statements="20" coveredstatements="16" conditionals="2" coveredconditionals="1" methods="3" coveredmethods="3"/>
        <line num="10" count="18" type="stmt"/>
        <line num="23" count="18" type="stmt"/>
        <line num="29" count="16" type="stmt"/>
        <line num="30" count="16" type="stmt"/>
        <line num="32" count="16" type="stmt"/>
        <line num="36" count="2" type="stmt"/>
        <line num="37" count="2" type="stmt"/>
        <line num="38" count="2" type="stmt"/>
        <line num="39" count="2" type="stmt"/>
        <line num="43" count="2" type="stmt"/>
        <line num="44" count="2" type="stmt"/>
        <line num="45" count="2" type="stmt"/>
        <line num="46" count="2" type="stmt"/>
        <line num="52" count="0" type="stmt"/>
        <line num="53" count="0" type="stmt"/>
        <line num="54" count="0" type="stmt"/>
        <line num="55" count="0" type="stmt"/>
        <line num="59" count="16" type="stmt"/>
        <line num="60" count="16" type="stmt"/>
        <line num="63" count="2" type="stmt"/>
      </file>
      <file name="CreatedAt.tsx" path="/Users/neilgebhard/mern-reddit/frontend/src/components/CreatedAt.tsx">
        <metrics statements="3" coveredstatements="3" conditionals="0" coveredconditionals="0" methods="1" coveredmethods="1"/>
        <line num="7" count="18" type="stmt"/>
        <line num="8" count="638" type="stmt"/>
        <line num="10" count="638" type="stmt"/>
      </file>
      <file name="DeleteButton.tsx" path="/Users/neilgebhard/mern-reddit/frontend/src/components/DeleteButton.tsx">
        <metrics statements="2" coveredstatements="2" conditionals="0" coveredconditionals="0" methods="1" coveredmethods="1"/>
        <line num="9" count="18" type="stmt"/>
        <line num="10" count="30" type="stmt"/>
      </file>
      <file name="Error.tsx" path="/Users/neilgebhard/mern-reddit/frontend/src/components/Error.tsx">
        <metrics statements="2" coveredstatements="1" conditionals="0" coveredconditionals="0" methods="1" coveredmethods="0"/>
        <line num="5" count="18" type="stmt"/>
        <line num="6" count="0" type="stmt"/>
      </file>
      <file name="IfLoggedIn.tsx" path="/Users/neilgebhard/mern-reddit/frontend/src/components/IfLoggedIn.tsx">
        <metrics statements="3" coveredstatements="3" conditionals="2" coveredconditionals="1" methods="1" coveredmethods="1"/>
        <line num="7" count="18" type="stmt"/>
        <line num="8" count="30" type="stmt"/>
        <line num="10" count="30" type="cond" truecount="1" falsecount="1"/>
      </file>
      <file name="IfUser.tsx" path="/Users/neilgebhard/mern-reddit/frontend/src/components/IfUser.tsx">
        <metrics statements="3" coveredstatements="3" conditionals="2" coveredconditionals="2" methods="1" coveredmethods="1"/>
        <line num="8" count="18" type="stmt"/>
        <line num="9" count="652" type="stmt"/>
        <line num="11" count="652" type="cond" truecount="2" falsecount="0"/>
      </file>
      <file name="Navbar.tsx" path="/Users/neilgebhard/mern-reddit/frontend/src/components/Navbar.tsx">
        <metrics statements="16" coveredstatements="14" conditionals="6" coveredconditionals="6" methods="5" coveredmethods="5"/>
        <line num="15" count="80" type="stmt"/>
        <line num="18" count="18" type="stmt"/>
        <line num="19" count="50" type="stmt"/>
        <line num="20" count="50" type="stmt"/>
        <line num="21" count="50" type="stmt"/>
        <line num="22" count="50" type="stmt"/>
        <line num="24" count="50" type="stmt"/>
        <line num="25" count="2" type="stmt"/>
        <line num="26" count="2" type="stmt"/>
        <line num="27" count="2" type="stmt"/>
        <line num="28" count="2" type="stmt"/>
        <line num="30" count="0" type="stmt"/>
        <line num="31" count="0" type="stmt"/>
        <line num="35" count="50" type="stmt"/>
        <line num="70" count="40" type="stmt"/>
        <line num="85" count="40" type="stmt"/>
      </file>
      <file name="PostItem.tsx" path="/Users/neilgebhard/mern-reddit/frontend/src/components/PostItem.tsx">
        <metrics statements="7" coveredstatements="7" conditionals="9" coveredconditionals="6" methods="3" coveredmethods="3"/>
        <line num="16" count="18" type="stmt"/>
        <line num="17" count="602" type="stmt"/>
        <line num="18" count="1" type="stmt"/>
        <line num="19" count="1" type="cond" truecount="1" falsecount="1"/>
        <line num="22" count="602" type="stmt"/>
        <line num="23" count="784" type="stmt"/>
        <line num="26" count="602" type="stmt"/>
      </file>
      <file name="Reply.tsx" path="/Users/neilgebhard/mern-reddit/frontend/src/components/Reply.tsx">
        <metrics statements="5" coveredstatements="5" conditionals="0" coveredconditionals="0" methods="2" coveredmethods="2"/>
        <line num="15" count="18" type="stmt"/>
        <line num="16" count="6" type="stmt"/>
        <line num="17" count="2" type="stmt"/>
        <line num="20" count="2" type="stmt"/>
        <line num="23" count="6" type="stmt"/>
      </file>
      <file name="ReplyButton.tsx" path="/Users/neilgebhard/mern-reddit/frontend/src/components/ReplyButton.tsx">
        <metrics statements="2" coveredstatements="2" conditionals="0" coveredconditionals="0" methods="1" coveredmethods="1"/>
        <line num="8" count="18" type="stmt"/>
        <line num="9" count="30" type="stmt"/>
      </file>
      <file name="Votes.tsx" path="/Users/neilgebhard/mern-reddit/frontend/src/components/Votes.tsx">
        <metrics statements="37" coveredstatements="13" conditionals="14" coveredconditionals="3" methods="12" coveredmethods="4"/>
        <line num="14" count="18" type="stmt"/>
        <line num="15" count="646" type="stmt"/>
        <line num="16" count="646" type="stmt"/>
        <line num="17" count="522" type="stmt"/>
        <line num="20" count="646" type="stmt"/>
        <line num="21" count="522" type="stmt"/>
        <line num="23" count="646" type="stmt"/>
        <line num="24" count="522" type="stmt"/>
        <line num="27" count="646" type="stmt"/>
        <line num="28" count="0" type="cond" truecount="0" falsecount="2"/>
        <line num="29" count="0" type="stmt"/>
        <line num="30" count="0" type="stmt"/>
        <line num="32" count="0" type="stmt"/>
        <line num="33" count="0" type="cond" truecount="0" falsecount="2"/>
        <line num="34" count="0" type="stmt"/>
        <line num="35" count="0" type="stmt"/>
        <line num="36" count="0" type="stmt"/>
        <line num="37" count="0" type="stmt"/>
        <line num="39" count="0" type="stmt"/>
        <line num="40" count="0" type="stmt"/>
        <line num="41" count="0" type="stmt"/>
        <line num="45" count="646" type="stmt"/>
        <line num="46" count="0" type="cond" truecount="0" falsecount="2"/>
        <line num="47" count="0" type="stmt"/>
        <line num="48" count="0" type="stmt"/>
        <line num="51" count="0" type="stmt"/>
        <line num="52" count="0" type="cond" truecount="0" falsecount="2"/>
        <line num="53" count="0" type="stmt"/>
        <line num="54" count="0" type="stmt"/>
        <line num="55" count="0" type="stmt"/>
        <line num="56" count="0" type="stmt"/>
        <line num="58" count="0" type="stmt"/>
        <line num="59" count="0" type="stmt"/>
        <line num="60" count="0" type="stmt"/>
        <line num="64" count="646" type="cond" truecount="1" falsecount="1"/>
        <line num="65" count="646" type="cond" truecount="1" falsecount="1"/>
        <line num="67" count="646" type="stmt"/>
      </file>
    </package>
    <package name="src.context">
      <metrics statements="22" coveredstatements="22" conditionals="8" coveredconditionals="8" methods="5" coveredmethods="5"/>
      <file name="Auth.tsx" path="/Users/neilgebhard/mern-reddit/frontend/src/context/Auth.tsx">
        <metrics statements="22" coveredstatements="22" conditionals="8" coveredconditionals="8" methods="5" coveredmethods="5"/>
        <line num="11" count="18" type="stmt"/>
        <line num="17" count="50" type="stmt"/>
        <line num="18" count="50" type="stmt"/>
        <line num="19" count="50" type="stmt"/>
        <line num="20" count="50" type="stmt"/>
        <line num="22" count="50" type="stmt"/>
        <line num="29" count="50" type="stmt"/>
        <line num="30" count="5" type="stmt"/>
        <line num="31" count="5" type="stmt"/>
        <line num="32" count="5" type="stmt"/>
        <line num="33" count="5" type="stmt"/>
        <line num="35" count="5" type="stmt"/>
        <line num="43" count="50" type="stmt"/>
        <line num="44" count="2" type="stmt"/>
        <line num="45" count="2" type="stmt"/>
        <line num="46" count="2" type="stmt"/>
        <line num="47" count="2" type="stmt"/>
        <line num="49" count="2" type="stmt"/>
        <line num="57" count="50" type="stmt"/>
        <line num="58" count="126" type="stmt"/>
        <line num="61" count="50" type="stmt"/>
        <line num="71" count="1512" type="stmt"/>
      </file>
    </package>
    <package name="src.pages">
      <metrics statements="84" coveredstatements="73" conditionals="16" coveredconditionals="12" methods="19" coveredmethods="19"/>
      <file name="CreatePost.tsx" path="/Users/neilgebhard/mern-reddit/frontend/src/pages/CreatePost.tsx">
        <metrics statements="17" coveredstatements="14" conditionals="2" coveredconditionals="1" methods="3" coveredmethods="3"/>
        <line num="11" count="18" type="stmt"/>
        <line num="25" count="18" type="stmt"/>
        <line num="26" count="12" type="stmt"/>
        <line num="27" count="12" type="stmt"/>
        <line num="28" count="12" type="stmt"/>
        <line num="30" count="12" type="stmt"/>
        <line num="31" count="2" type="stmt"/>
        <line num="32" count="2" type="stmt"/>
        <line num="33" count="2" type="stmt"/>
        <line num="34" count="2" type="stmt"/>
        <line num="35" count="2" type="stmt"/>
        <line num="37" count="0" type="stmt"/>
        <line num="38" count="0" type="stmt"/>
        <line num="39" count="0" type="stmt"/>
        <line num="43" count="12" type="stmt"/>
        <line num="48" count="12" type="stmt"/>
        <line num="53" count="2" type="stmt"/>
      </file>
      <file name="Home.tsx" path="/Users/neilgebhard/mern-reddit/frontend/src/pages/Home.tsx">
        <metrics statements="12" coveredstatements="12" conditionals="0" coveredconditionals="0" methods="6" coveredmethods="6"/>
        <line num="8" count="18" type="stmt"/>
        <line num="9" count="109" type="stmt"/>
        <line num="11" count="106" type="stmt"/>
        <line num="12" count="28" type="stmt"/>
        <line num="13" count="28" type="stmt"/>
        <line num="14" count="25" type="stmt"/>
        <line num="17" count="28" type="stmt"/>
        <line num="20" count="106" type="stmt"/>
        <line num="21" count="12" type="stmt"/>
        <line num="22" count="1" type="stmt"/>
        <line num="25" count="106" type="stmt"/>
        <line num="43" count="572" type="stmt"/>
      </file>
      <file name="Login.tsx" path="/Users/neilgebhard/mern-reddit/frontend/src/pages/Login.tsx">
        <metrics statements="19" coveredstatements="16" conditionals="2" coveredconditionals="1" methods="3" coveredmethods="3"/>
        <line num="17" count="18" type="stmt"/>
        <line num="22" count="18" type="stmt"/>
        <line num="23" count="16" type="stmt"/>
        <line num="24" count="16" type="stmt"/>
        <line num="25" count="16" type="stmt"/>
        <line num="26" count="16" type="stmt"/>
        <line num="28" count="16" type="stmt"/>
        <line num="32" count="16" type="stmt"/>
        <line num="33" count="2" type="stmt"/>
        <line num="34" count="2" type="stmt"/>
        <line num="35" count="2" type="stmt"/>
        <line num="36" count="2" type="stmt"/>
        <line num="37" count="2" type="stmt"/>
        <line num="38" count="2" type="stmt"/>
        <line num="40" count="0" type="stmt"/>
        <line num="41" count="0" type="stmt"/>
        <line num="42" count="0" type="stmt"/>
        <line num="46" count="16" type="stmt"/>
        <line num="52" count="2" type="stmt"/>
      </file>
      <file name="Post.tsx" path="/Users/neilgebhard/mern-reddit/frontend/src/pages/Post.tsx">
        <metrics statements="14" coveredstatements="12" conditionals="10" coveredconditionals="9" methods="3" coveredmethods="3"/>
        <line num="11" count="18" type="stmt"/>
        <line num="12" count="46" type="stmt"/>
        <line num="13" count="46" type="stmt"/>
        <line num="14" count="46" type="stmt"/>
        <line num="15" count="46" type="stmt"/>
        <line num="17" count="46" type="stmt"/>
        <line num="18" count="14" type="stmt"/>
        <line num="19" count="14" type="stmt"/>
        <line num="20" count="13" type="stmt"/>
        <line num="22" count="0" type="stmt"/>
        <line num="23" count="0" type="stmt"/>
        <line num="27" count="46" type="stmt"/>
        <line num="28" count="8" type="stmt"/>
        <line num="31" count="46" type="stmt"/>
      </file>
      <file name="Profile.tsx" path="/Users/neilgebhard/mern-reddit/frontend/src/pages/Profile.tsx">
        <metrics statements="3" coveredstatements="3" conditionals="0" coveredconditionals="0" methods="1" coveredmethods="1"/>
        <line num="5" count="18" type="stmt"/>
        <line num="6" count="6" type="stmt"/>
        <line num="8" count="6" type="stmt"/>
      </file>
      <file name="Signup.tsx" path="/Users/neilgebhard/mern-reddit/frontend/src/pages/Signup.tsx">
        <metrics statements="19" coveredstatements="16" conditionals="2" coveredconditionals="1" methods="3" coveredmethods="3"/>
        <line num="12" count="18" type="stmt"/>
        <line num="28" count="18" type="stmt"/>
        <line num="29" count="24" type="stmt"/>
        <line num="30" count="24" type="stmt"/>
        <line num="31" count="24" type="stmt"/>
        <line num="32" count="24" type="stmt"/>
        <line num="34" count="24" type="stmt"/>
        <line num="35" count="3" type="stmt"/>
        <line num="36" count="3" type="stmt"/>
        <line num="37" count="3" type="stmt"/>
        <line num="38" count="3" type="stmt"/>
        <line num="39" count="3" type="stmt"/>
        <line num="40" count="3" type="stmt"/>
        <line num="42" count="0" type="stmt"/>
        <line num="43" count="0" type="stmt"/>
        <line num="44" count="0" type="stmt"/>
        <line num="48" count="24" type="stmt"/>
        <line num="53" count="24" type="stmt"/>
        <line num="59" count="3" type="stmt"/>
      </file>
    </package>
    <package name="src.ui">
      <metrics statements="10" coveredstatements="10" conditionals="17" coveredconditionals="15" methods="4" coveredmethods="4"/>
      <file name="Flex.tsx" path="/Users/neilgebhard/mern-reddit/frontend/src/ui/Flex.tsx">
        <metrics statements="2" coveredstatements="2" conditionals="0" coveredconditionals="0" methods="1" coveredmethods="1"/>
        <line num="11" count="18" type="stmt"/>
        <line num="12" count="752" type="stmt"/>
      </file>
      <file name="SubmitButton.tsx" path="/Users/neilgebhard/mern-reddit/frontend/src/ui/SubmitButton.tsx">
        <metrics statements="2" coveredstatements="2" conditionals="2" coveredconditionals="2" methods="1" coveredmethods="1"/>
        <line num="9" count="18" type="stmt"/>
        <line num="15" count="58" type="stmt"/>
      </file>
      <file name="TextArea.tsx" path="/Users/neilgebhard/mern-reddit/frontend/src/ui/TextArea.tsx">
        <metrics statements="3" coveredstatements="3" conditionals="7" coveredconditionals="6" methods="1" coveredmethods="1"/>
        <line num="7" count="18" type="cond" truecount="1" falsecount="0"/>
        <line num="8" count="410" type="stmt"/>
        <line num="9" count="410" type="stmt"/>
      </file>
      <file name="TextInput.tsx" path="/Users/neilgebhard/mern-reddit/frontend/src/ui/TextInput.tsx">
        <metrics statements="3" coveredstatements="3" conditionals="8" coveredconditionals="7" methods="1" coveredmethods="1"/>
        <line num="8" count="18" type="cond" truecount="2" falsecount="0"/>
        <line num="9" count="2634" type="stmt"/>
        <line num="10" count="2634" type="stmt"/>
      </file>
    </package>
  </project>
</coverage>
