<?xml version="1.0" encoding="UTF-8"?>
<coverage generated="1636599927678" clover="3.2.0">
  <project timestamp="1636599927678" name="All files">
    <metrics statements="205" coveredstatements="185" conditionals="47" coveredconditionals="38" methods="52" coveredmethods="52" elements="304" coveredelements="275" complexity="0" loc="205" ncloc="205" packages="5" files="20" classes="20"/>
    <package name="src">
      <metrics statements="5" coveredstatements="5" conditionals="0" coveredconditionals="0" methods="1" coveredmethods="1"/>
      <file name="App.js" path="/Users/neilgebhard/mern-reddit/frontend/src/App.js">
        <metrics statements="4" coveredstatements="4" conditionals="0" coveredconditionals="0" methods="1" coveredmethods="1"/>
        <line num="11" count="19" type="stmt"/>
        <line num="12" count="19" type="stmt"/>
        <line num="14" count="19" type="stmt"/>
        <line num="15" count="38" type="stmt"/>
      </file>
      <file name="index.js" path="/Users/neilgebhard/mern-reddit/frontend/src/index.js">
        <metrics statements="1" coveredstatements="1" conditionals="0" coveredconditionals="0" methods="0" coveredmethods="0"/>
        <line num="7" count="19" type="stmt"/>
      </file>
    </package>
    <package name="src.components">
      <metrics statements="86" coveredstatements="77" conditionals="22" coveredconditionals="20" methods="21" coveredmethods="21"/>
      <file name="Comment.js" path="/Users/neilgebhard/mern-reddit/frontend/src/components/Comment.js">
        <metrics statements="14" coveredstatements="14" conditionals="6" coveredconditionals="6" methods="5" coveredmethods="5"/>
        <line num="10" count="19" type="stmt"/>
        <line num="11" count="28" type="stmt"/>
        <line num="13" count="28" type="stmt"/>
        <line num="14" count="28" type="stmt"/>
        <line num="15" count="28" type="stmt"/>
        <line num="17" count="28" type="stmt"/>
        <line num="18" count="2" type="stmt"/>
        <line num="21" count="28" type="stmt"/>
        <line num="22" count="2" type="stmt"/>
        <line num="23" count="2" type="stmt"/>
        <line num="26" count="28" type="stmt"/>
        <line num="28" count="28" type="stmt"/>
        <line num="30" count="28" type="stmt"/>
        <line num="73" count="6" type="stmt"/>
      </file>
      <file name="CreateComment.js" path="/Users/neilgebhard/mern-reddit/frontend/src/components/CreateComment.js">
        <metrics statements="17" coveredstatements="14" conditionals="2" coveredconditionals="1" methods="3" coveredmethods="3"/>
        <line num="9" count="19" type="stmt"/>
        <line num="13" count="19" type="stmt"/>
        <line num="14" count="54" type="stmt"/>
        <line num="15" count="54" type="stmt"/>
        <line num="17" count="54" type="stmt"/>
        <line num="18" count="2" type="stmt"/>
        <line num="19" count="2" type="stmt"/>
        <line num="20" count="2" type="stmt"/>
        <line num="21" count="2" type="stmt"/>
        <line num="25" count="1" type="stmt"/>
        <line num="26" count="1" type="stmt"/>
        <line num="27" count="1" type="stmt"/>
        <line num="33" count="0" type="stmt"/>
        <line num="34" count="0" type="stmt"/>
        <line num="35" count="0" type="stmt"/>
        <line num="39" count="54" type="stmt"/>
        <line num="44" count="2" type="stmt"/>
      </file>
      <file name="CreateReply.js" path="/Users/neilgebhard/mern-reddit/frontend/src/components/CreateReply.js">
        <metrics statements="19" coveredstatements="15" conditionals="2" coveredconditionals="1" methods="3" coveredmethods="3"/>
        <line num="9" count="19" type="stmt"/>
        <line num="13" count="19" type="stmt"/>
        <line num="14" count="16" type="stmt"/>
        <line num="15" count="16" type="stmt"/>
        <line num="17" count="16" type="stmt"/>
        <line num="18" count="2" type="stmt"/>
        <line num="19" count="2" type="stmt"/>
        <line num="20" count="2" type="stmt"/>
        <line num="21" count="2" type="stmt"/>
        <line num="25" count="2" type="stmt"/>
        <line num="26" count="2" type="stmt"/>
        <line num="27" count="2" type="stmt"/>
        <line num="28" count="2" type="stmt"/>
        <line num="34" count="0" type="stmt"/>
        <line num="35" count="0" type="stmt"/>
        <line num="36" count="0" type="stmt"/>
        <line num="37" count="0" type="stmt"/>
        <line num="41" count="16" type="stmt"/>
        <line num="46" count="2" type="stmt"/>
      </file>
      <file name="Navbar.js" path="/Users/neilgebhard/mern-reddit/frontend/src/components/Navbar.js">
        <metrics statements="16" coveredstatements="14" conditionals="6" coveredconditionals="6" methods="5" coveredmethods="5"/>
        <line num="15" count="80" type="stmt"/>
        <line num="18" count="19" type="stmt"/>
        <line num="19" count="58" type="stmt"/>
        <line num="20" count="58" type="stmt"/>
        <line num="21" count="58" type="stmt"/>
        <line num="22" count="58" type="stmt"/>
        <line num="24" count="58" type="stmt"/>
        <line num="25" count="2" type="stmt"/>
        <line num="26" count="2" type="stmt"/>
        <line num="27" count="2" type="stmt"/>
        <line num="28" count="2" type="stmt"/>
        <line num="30" count="0" type="stmt"/>
        <line num="31" count="0" type="stmt"/>
        <line num="35" count="58" type="stmt"/>
        <line num="66" count="40" type="stmt"/>
        <line num="81" count="40" type="stmt"/>
      </file>
      <file name="Post.js" path="/Users/neilgebhard/mern-reddit/frontend/src/components/Post.js">
        <metrics statements="11" coveredstatements="11" conditionals="4" coveredconditionals="4" methods="3" coveredmethods="3"/>
        <line num="8" count="19" type="stmt"/>
        <line num="9" count="242" type="stmt"/>
        <line num="10" count="242" type="stmt"/>
        <line num="12" count="242" type="stmt"/>
        <line num="13" count="1" type="stmt"/>
        <line num="14" count="1" type="stmt"/>
        <line num="17" count="242" type="stmt"/>
        <line num="18" count="32" type="stmt"/>
        <line num="21" count="242" type="stmt"/>
        <line num="23" count="242" type="stmt"/>
        <line num="25" count="242" type="stmt"/>
      </file>
      <file name="Reply.js" path="/Users/neilgebhard/mern-reddit/frontend/src/components/Reply.js">
        <metrics statements="9" coveredstatements="9" conditionals="2" coveredconditionals="2" methods="2" coveredmethods="2"/>
        <line num="7" count="19" type="stmt"/>
        <line num="8" count="6" type="stmt"/>
        <line num="9" count="6" type="stmt"/>
        <line num="10" count="6" type="stmt"/>
        <line num="12" count="6" type="stmt"/>
        <line num="14" count="6" type="stmt"/>
        <line num="15" count="2" type="stmt"/>
        <line num="18" count="2" type="stmt"/>
        <line num="21" count="6" type="stmt"/>
      </file>
    </package>
    <package name="src.context">
      <metrics statements="16" coveredstatements="16" conditionals="0" coveredconditionals="0" methods="5" coveredmethods="5"/>
      <file name="Auth.js" path="/Users/neilgebhard/mern-reddit/frontend/src/context/Auth.js">
        <metrics statements="16" coveredstatements="16" conditionals="0" coveredconditionals="0" methods="5" coveredmethods="5"/>
        <line num="3" count="19" type="stmt"/>
        <line num="6" count="58" type="stmt"/>
        <line num="7" count="58" type="stmt"/>
        <line num="9" count="58" type="stmt"/>
        <line num="14" count="58" type="stmt"/>
        <line num="15" count="8" type="stmt"/>
        <line num="16" count="8" type="stmt"/>
        <line num="18" count="8" type="stmt"/>
        <line num="24" count="58" type="stmt"/>
        <line num="25" count="2" type="stmt"/>
        <line num="26" count="2" type="stmt"/>
        <line num="27" count="2" type="stmt"/>
        <line num="33" count="58" type="stmt"/>
        <line num="34" count="130" type="stmt"/>
        <line num="37" count="58" type="stmt"/>
        <line num="47" count="448" type="stmt"/>
      </file>
    </package>
    <package name="src.pages">
      <metrics statements="86" coveredstatements="75" conditionals="12" coveredconditionals="8" methods="20" coveredmethods="20"/>
      <file name="CreatePost.js" path="/Users/neilgebhard/mern-reddit/frontend/src/pages/CreatePost.js">
        <metrics statements="18" coveredstatements="15" conditionals="2" coveredconditionals="1" methods="3" coveredmethods="3"/>
        <line num="12" count="19" type="stmt"/>
        <line num="20" count="19" type="stmt"/>
        <line num="21" count="16" type="stmt"/>
        <line num="22" count="16" type="stmt"/>
        <line num="23" count="16" type="stmt"/>
        <line num="24" count="16" type="stmt"/>
        <line num="26" count="16" type="stmt"/>
        <line num="27" count="2" type="stmt"/>
        <line num="28" count="2" type="stmt"/>
        <line num="29" count="2" type="stmt"/>
        <line num="30" count="2" type="stmt"/>
        <line num="31" count="2" type="stmt"/>
        <line num="32" count="2" type="stmt"/>
        <line num="34" count="0" type="stmt"/>
        <line num="35" count="0" type="stmt"/>
        <line num="36" count="0" type="stmt"/>
        <line num="40" count="16" type="stmt"/>
        <line num="49" count="2" type="stmt"/>
      </file>
      <file name="Home.js" path="/Users/neilgebhard/mern-reddit/frontend/src/pages/Home.js">
        <metrics statements="12" coveredstatements="12" conditionals="0" coveredconditionals="0" methods="6" coveredmethods="6"/>
        <line num="7" count="19" type="stmt"/>
        <line num="8" count="110" type="stmt"/>
        <line num="10" count="104" type="stmt"/>
        <line num="11" count="30" type="stmt"/>
        <line num="12" count="30" type="stmt"/>
        <line num="13" count="27" type="stmt"/>
        <line num="16" count="30" type="stmt"/>
        <line num="19" count="104" type="stmt"/>
        <line num="20" count="5" type="stmt"/>
        <line num="21" count="1" type="stmt"/>
        <line num="24" count="104" type="stmt"/>
        <line num="36" count="198" type="stmt"/>
      </file>
      <file name="Login.js" path="/Users/neilgebhard/mern-reddit/frontend/src/pages/Login.js">
        <metrics statements="18" coveredstatements="15" conditionals="2" coveredconditionals="1" methods="3" coveredmethods="3"/>
        <line num="11" count="19" type="stmt"/>
        <line num="16" count="19" type="stmt"/>
        <line num="17" count="16" type="stmt"/>
        <line num="18" count="16" type="stmt"/>
        <line num="19" count="16" type="stmt"/>
        <line num="20" count="16" type="stmt"/>
        <line num="22" count="16" type="stmt"/>
        <line num="23" count="2" type="stmt"/>
        <line num="24" count="2" type="stmt"/>
        <line num="25" count="2" type="stmt"/>
        <line num="26" count="2" type="stmt"/>
        <line num="27" count="2" type="stmt"/>
        <line num="28" count="2" type="stmt"/>
        <line num="30" count="0" type="stmt"/>
        <line num="31" count="0" type="stmt"/>
        <line num="32" count="0" type="stmt"/>
        <line num="36" count="16" type="stmt"/>
        <line num="47" count="2" type="stmt"/>
      </file>
      <file name="Post.js" path="/Users/neilgebhard/mern-reddit/frontend/src/pages/Post.js">
        <metrics statements="16" coveredstatements="14" conditionals="6" coveredconditionals="5" methods="4" coveredmethods="4"/>
        <line num="10" count="19" type="stmt"/>
        <line num="11" count="44" type="stmt"/>
        <line num="12" count="44" type="stmt"/>
        <line num="13" count="44" type="stmt"/>
        <line num="14" count="44" type="stmt"/>
        <line num="15" count="44" type="stmt"/>
        <line num="17" count="44" type="stmt"/>
        <line num="18" count="14" type="stmt"/>
        <line num="19" count="14" type="stmt"/>
        <line num="20" count="13" type="stmt"/>
        <line num="22" count="0" type="stmt"/>
        <line num="23" count="0" type="stmt"/>
        <line num="27" count="44" type="stmt"/>
        <line num="28" count="8" type="stmt"/>
        <line num="32" count="44" type="stmt"/>
        <line num="41" count="20" type="stmt"/>
      </file>
      <file name="Profile.js" path="/Users/neilgebhard/mern-reddit/frontend/src/pages/Profile.js">
        <metrics statements="4" coveredstatements="4" conditionals="0" coveredconditionals="0" methods="1" coveredmethods="1"/>
        <line num="5" count="19" type="stmt"/>
        <line num="6" count="6" type="stmt"/>
        <line num="7" count="6" type="stmt"/>
        <line num="8" count="6" type="stmt"/>
      </file>
      <file name="Signup.js" path="/Users/neilgebhard/mern-reddit/frontend/src/pages/Signup.js">
        <metrics statements="18" coveredstatements="15" conditionals="2" coveredconditionals="1" methods="3" coveredmethods="3"/>
        <line num="11" count="19" type="stmt"/>
        <line num="21" count="19" type="stmt"/>
        <line num="22" count="32" type="stmt"/>
        <line num="23" count="32" type="stmt"/>
        <line num="24" count="32" type="stmt"/>
        <line num="25" count="32" type="stmt"/>
        <line num="27" count="32" type="stmt"/>
        <line num="28" count="4" type="stmt"/>
        <line num="29" count="4" type="stmt"/>
        <line num="30" count="4" type="stmt"/>
        <line num="31" count="4" type="stmt"/>
        <line num="32" count="4" type="stmt"/>
        <line num="33" count="4" type="stmt"/>
        <line num="35" count="0" type="stmt"/>
        <line num="36" count="0" type="stmt"/>
        <line num="37" count="0" type="stmt"/>
        <line num="41" count="32" type="stmt"/>
        <line num="53" count="4" type="stmt"/>
      </file>
    </package>
    <package name="src.ui">
      <metrics statements="12" coveredstatements="12" conditionals="13" coveredconditionals="10" methods="5" coveredmethods="5"/>
      <file name="Error.js" path="/Users/neilgebhard/mern-reddit/frontend/src/ui/Error.js">
        <metrics statements="2" coveredstatements="2" conditionals="0" coveredconditionals="0" methods="1" coveredmethods="1"/>
        <line num="1" count="19" type="stmt"/>
        <line num="2" count="32" type="stmt"/>
      </file>
      <file name="Flex.js" path="/Users/neilgebhard/mern-reddit/frontend/src/ui/Flex.js">
        <metrics statements="2" coveredstatements="2" conditionals="0" coveredconditionals="0" methods="1" coveredmethods="1"/>
        <line num="3" count="19" type="stmt"/>
        <line num="4" count="382" type="stmt"/>
      </file>
      <file name="SubmitButton.js" path="/Users/neilgebhard/mern-reddit/frontend/src/ui/SubmitButton.js">
        <metrics statements="2" coveredstatements="2" conditionals="1" coveredconditionals="1" methods="1" coveredmethods="1"/>
        <line num="1" count="19" type="cond" truecount="1" falsecount="0"/>
        <line num="2" count="86" type="stmt"/>
      </file>
      <file name="TextArea.js" path="/Users/neilgebhard/mern-reddit/frontend/src/ui/TextArea.js">
        <metrics statements="3" coveredstatements="3" conditionals="6" coveredconditionals="4" methods="1" coveredmethods="1"/>
        <line num="3" count="19" type="stmt"/>
        <line num="4" count="446" type="stmt"/>
        <line num="5" count="446" type="stmt"/>
      </file>
      <file name="TextInput.js" path="/Users/neilgebhard/mern-reddit/frontend/src/ui/TextInput.js">
        <metrics statements="3" coveredstatements="3" conditionals="6" coveredconditionals="5" methods="1" coveredmethods="1"/>
        <line num="4" count="19" type="stmt"/>
        <line num="5" count="3264" type="stmt"/>
        <line num="6" count="3264" type="stmt"/>
      </file>
    </package>
  </project>
</coverage>
