{"/Users/neilgebhard/mern-reddit/frontend/src/App.js": {"path":"/Users/neilgebhard/mern-reddit/frontend/src/App.js","statementMap":{"0":{"start":{"line":11,"column":0},"end":{"line":11,"column":38}},"1":{"start":{"line":12,"column":0},"end":{"line":12,"column":54}},"2":{"start":{"line":14,"column":12},"end":{"line":40,"column":1}},"3":{"start":{"line":15,"column":2},"end":{"line":39,"column":4}}},"fnMap":{"0":{"name":"(anonymous_0)","decl":{"start":{"line":14,"column":12},"end":{"line":14,"column":13}},"loc":{"start":{"line":14,"column":18},"end":{"line":40,"column":1}},"line":14}},"branchMap":{},"s":{"0":19,"1":19,"2":19,"3":38},"f":{"0":38},"b":{},"_coverageSchema":"1a1c01bbd47fc00a2c39e90264f33305004495a9","hash":"fa8ce1bd793e21049b477863d57dab115d07e5d1"}
,"/Users/neilgebhard/mern-reddit/frontend/src/index.js": {"path":"/Users/neilgebhard/mern-reddit/frontend/src/index.js","statementMap":{"0":{"start":{"line":7,"column":0},"end":{"line":14,"column":2}}},"fnMap":{},"branchMap":{},"s":{"0":19},"f":{},"b":{},"_coverageSchema":"1a1c01bbd47fc00a2c39e90264f33305004495a9","hash":"b77f6410dfea6780243b3c20a698ada82f3fcf05"}
,"/Users/neilgebhard/mern-reddit/frontend/src/components/Comment.js": {"path":"/Users/neilgebhard/mern-reddit/frontend/src/components/Comment.js","statementMap":{"0":{"start":{"line":10,"column":16},"end":{"line":83,"column":1}},"1":{"start":{"line":11,"column":38},"end":{"line":11,"column":53}},"2":{"start":{"line":13,"column":22},"end":{"line":13,"column":31}},"3":{"start":{"line":14,"column":26},"end":{"line":14,"column":55}},"4":{"start":{"line":15,"column":23},"end":{"line":15,"column":39}},"5":{"start":{"line":17,"column":22},"end":{"line":19,"column":3}},"6":{"start":{"line":18,"column":4},"end":{"line":18,"column":47}},"7":{"start":{"line":18,"column":34},"end":{"line":18,"column":45}},"8":{"start":{"line":21,"column":23},"end":{"line":24,"column":3}},"9":{"start":{"line":22,"column":4},"end":{"line":22,"column":71}},"10":{"start":{"line":23,"column":4},"end":{"line":23,"column":16}},"11":{"start":{"line":26,"column":20},"end":{"line":26,"column":55}},"12":{"start":{"line":28,"column":19},"end":{"line":28,"column":48}},"13":{"start":{"line":30,"column":2},"end":{"line":82,"column":4}},"14":{"start":{"line":73,"column":8},"end":{"line":79,"column":10}}},"fnMap":{"0":{"name":"(anonymous_0)","decl":{"start":{"line":10,"column":16},"end":{"line":10,"column":17}},"loc":{"start":{"line":10,"column":52},"end":{"line":83,"column":1}},"line":10},"1":{"name":"(anonymous_1)","decl":{"start":{"line":17,"column":22},"end":{"line":17,"column":23}},"loc":{"start":{"line":17,"column":28},"end":{"line":19,"column":3}},"line":17},"2":{"name":"(anonymous_2)","decl":{"start":{"line":18,"column":18},"end":{"line":18,"column":19}},"loc":{"start":{"line":18,"column":34},"end":{"line":18,"column":45}},"line":18},"3":{"name":"(anonymous_3)","decl":{"start":{"line":21,"column":23},"end":{"line":21,"column":24}},"loc":{"start":{"line":21,"column":35},"end":{"line":24,"column":3}},"line":21},"4":{"name":"(anonymous_4)","decl":{"start":{"line":72,"column":27},"end":{"line":72,"column":28}},"loc":{"start":{"line":73,"column":8},"end":{"line":79,"column":10}},"line":73}},"branchMap":{"0":{"loc":{"start":{"line":40,"column":11},"end":{"line":50,"column":11}},"type":"binary-expr","locations":[{"start":{"line":40,"column":11},"end":{"line":40,"column":26}},{"start":{"line":41,"column":12},"end":{"line":49,"column":21}}],"line":40},"1":{"loc":{"start":{"line":51,"column":11},"end":{"line":61,"column":11}},"type":"binary-expr","locations":[{"start":{"line":51,"column":11},"end":{"line":51,"column":19}},{"start":{"line":52,"column":12},"end":{"line":60,"column":19}}],"line":51},"2":{"loc":{"start":{"line":64,"column":7},"end":{"line":71,"column":7}},"type":"binary-expr","locations":[{"start":{"line":64,"column":7},"end":{"line":64,"column":17}},{"start":{"line":65,"column":8},"end":{"line":70,"column":10}}],"line":64}},"s":{"0":19,"1":28,"2":28,"3":28,"4":28,"5":28,"6":2,"7":2,"8":28,"9":2,"10":2,"11":28,"12":28,"13":28,"14":6},"f":{"0":28,"1":2,"2":2,"3":2,"4":6},"b":{"0":[28,28],"1":[28,28],"2":[28,4]},"_coverageSchema":"1a1c01bbd47fc00a2c39e90264f33305004495a9","hash":"598faed2884bafd0834c56aabbeb363fd97e2538"}
,"/Users/neilgebhard/mern-reddit/frontend/src/components/CreateComment.js": {"path":"/Users/neilgebhard/mern-reddit/frontend/src/components/CreateComment.js","statementMap":{"0":{"start":{"line":9,"column":22},"end":{"line":11,"column":2}},"1":{"start":{"line":13,"column":22},"end":{"line":62,"column":1}},"2":{"start":{"line":14,"column":32},"end":{"line":14,"column":47}},"3":{"start":{"line":15,"column":28},"end":{"line":15,"column":43}},"4":{"start":{"line":17,"column":23},"end":{"line":37,"column":3}},"5":{"start":{"line":18,"column":4},"end":{"line":36,"column":5}},"6":{"start":{"line":19,"column":6},"end":{"line":19,"column":23}},"7":{"start":{"line":20,"column":6},"end":{"line":20,"column":19}},"8":{"start":{"line":21,"column":23},"end":{"line":24,"column":7}},"9":{"start":{"line":25,"column":6},"end":{"line":25,"column":20}},"10":{"start":{"line":26,"column":6},"end":{"line":26,"column":24}},"11":{"start":{"line":27,"column":6},"end":{"line":31,"column":9}},"12":{"start":{"line":33,"column":6},"end":{"line":33,"column":24}},"13":{"start":{"line":34,"column":23},"end":{"line":34,"column":33}},"14":{"start":{"line":35,"column":6},"end":{"line":35,"column":29}},"15":{"start":{"line":39,"column":2},"end":{"line":61,"column":4}},"16":{"start":{"line":44,"column":37},"end":{"line":44,"column":66}}},"fnMap":{"0":{"name":"(anonymous_0)","decl":{"start":{"line":13,"column":22},"end":{"line":13,"column":23}},"loc":{"start":{"line":13,"column":47},"end":{"line":62,"column":1}},"line":13},"1":{"name":"(anonymous_1)","decl":{"start":{"line":17,"column":23},"end":{"line":17,"column":24}},"loc":{"start":{"line":17,"column":50},"end":{"line":37,"column":3}},"line":17},"2":{"name":"(anonymous_2)","decl":{"start":{"line":44,"column":16},"end":{"line":44,"column":17}},"loc":{"start":{"line":44,"column":37},"end":{"line":44,"column":66}},"line":44}},"branchMap":{"0":{"loc":{"start":{"line":58,"column":9},"end":{"line":58,"column":41}},"type":"binary-expr","locations":[{"start":{"line":58,"column":9},"end":{"line":58,"column":14}},{"start":{"line":58,"column":18},"end":{"line":58,"column":41}}],"line":58}},"s":{"0":19,"1":19,"2":54,"3":54,"4":54,"5":2,"6":2,"7":2,"8":2,"9":1,"10":1,"11":1,"12":0,"13":0,"14":0,"15":54,"16":2},"f":{"0":54,"1":2,"2":2},"b":{"0":[54,0]},"_coverageSchema":"1a1c01bbd47fc00a2c39e90264f33305004495a9","hash":"67323b7abf99d227745dd9afa5dd8fc7d9ab1121"}
,"/Users/neilgebhard/mern-reddit/frontend/src/components/CreateReply.js": {"path":"/Users/neilgebhard/mern-reddit/frontend/src/components/CreateReply.js","statementMap":{"0":{"start":{"line":9,"column":20},"end":{"line":11,"column":2}},"1":{"start":{"line":13,"column":20},"end":{"line":64,"column":1}},"2":{"start":{"line":14,"column":32},"end":{"line":14,"column":47}},"3":{"start":{"line":15,"column":28},"end":{"line":15,"column":43}},"4":{"start":{"line":17,"column":23},"end":{"line":39,"column":3}},"5":{"start":{"line":18,"column":4},"end":{"line":38,"column":5}},"6":{"start":{"line":19,"column":6},"end":{"line":19,"column":23}},"7":{"start":{"line":20,"column":6},"end":{"line":20,"column":19}},"8":{"start":{"line":21,"column":6},"end":{"line":24,"column":8}},"9":{"start":{"line":25,"column":6},"end":{"line":25,"column":18}},"10":{"start":{"line":26,"column":6},"end":{"line":26,"column":24}},"11":{"start":{"line":27,"column":6},"end":{"line":27,"column":27}},"12":{"start":{"line":28,"column":6},"end":{"line":32,"column":9}},"13":{"start":{"line":34,"column":6},"end":{"line":34,"column":24}},"14":{"start":{"line":35,"column":6},"end":{"line":35,"column":21}},"15":{"start":{"line":36,"column":23},"end":{"line":36,"column":33}},"16":{"start":{"line":37,"column":6},"end":{"line":37,"column":29}},"17":{"start":{"line":41,"column":2},"end":{"line":63,"column":4}},"18":{"start":{"line":46,"column":37},"end":{"line":46,"column":66}}},"fnMap":{"0":{"name":"(anonymous_0)","decl":{"start":{"line":13,"column":20},"end":{"line":13,"column":21}},"loc":{"start":{"line":13,"column":71},"end":{"line":64,"column":1}},"line":13},"1":{"name":"(anonymous_1)","decl":{"start":{"line":17,"column":23},"end":{"line":17,"column":24}},"loc":{"start":{"line":17,"column":50},"end":{"line":39,"column":3}},"line":17},"2":{"name":"(anonymous_2)","decl":{"start":{"line":46,"column":16},"end":{"line":46,"column":17}},"loc":{"start":{"line":46,"column":37},"end":{"line":46,"column":66}},"line":46}},"branchMap":{"0":{"loc":{"start":{"line":60,"column":9},"end":{"line":60,"column":41}},"type":"binary-expr","locations":[{"start":{"line":60,"column":9},"end":{"line":60,"column":14}},{"start":{"line":60,"column":18},"end":{"line":60,"column":41}}],"line":60}},"s":{"0":19,"1":19,"2":16,"3":16,"4":16,"5":2,"6":2,"7":2,"8":2,"9":2,"10":2,"11":2,"12":2,"13":0,"14":0,"15":0,"16":0,"17":16,"18":2},"f":{"0":16,"1":2,"2":2},"b":{"0":[16,0]},"_coverageSchema":"1a1c01bbd47fc00a2c39e90264f33305004495a9","hash":"7c78d485a690e5c4215c474101d133ae3f6b5cac"}
,"/Users/neilgebhard/mern-reddit/frontend/src/components/Navbar.js": {"path":"/Users/neilgebhard/mern-reddit/frontend/src/components/Navbar.js","statementMap":{"0":{"start":{"line":15,"column":2},"end":{"line":15,"column":43}},"1":{"start":{"line":18,"column":15},"end":{"line":118,"column":1}},"2":{"start":{"line":19,"column":18},"end":{"line":19,"column":30}},"3":{"start":{"line":20,"column":22},"end":{"line":20,"column":31}},"4":{"start":{"line":21,"column":26},"end":{"line":21,"column":55}},"5":{"start":{"line":22,"column":23},"end":{"line":22,"column":39}},"6":{"start":{"line":24,"column":23},"end":{"line":33,"column":3}},"7":{"start":{"line":25,"column":4},"end":{"line":32,"column":5}},"8":{"start":{"line":26,"column":6},"end":{"line":26,"column":38}},"9":{"start":{"line":27,"column":6},"end":{"line":27,"column":27}},"10":{"start":{"line":28,"column":6},"end":{"line":28,"column":24}},"11":{"start":{"line":30,"column":23},"end":{"line":30,"column":33}},"12":{"start":{"line":31,"column":6},"end":{"line":31,"column":24}},"13":{"start":{"line":35,"column":2},"end":{"line":117,"column":4}},"14":{"start":{"line":66,"column":22},"end":{"line":75,"column":29}},"15":{"start":{"line":81,"column":22},"end":{"line":90,"column":26}}},"fnMap":{"0":{"name":"classNames","decl":{"start":{"line":14,"column":9},"end":{"line":14,"column":19}},"loc":{"start":{"line":14,"column":32},"end":{"line":16,"column":1}},"line":14},"1":{"name":"(anonymous_1)","decl":{"start":{"line":18,"column":15},"end":{"line":18,"column":16}},"loc":{"start":{"line":18,"column":21},"end":{"line":118,"column":1}},"line":18},"2":{"name":"(anonymous_2)","decl":{"start":{"line":24,"column":23},"end":{"line":24,"column":24}},"loc":{"start":{"line":24,"column":35},"end":{"line":33,"column":3}},"line":24},"3":{"name":"(anonymous_3)","decl":{"start":{"line":65,"column":21},"end":{"line":65,"column":22}},"loc":{"start":{"line":66,"column":22},"end":{"line":75,"column":29}},"line":66},"4":{"name":"(anonymous_4)","decl":{"start":{"line":79,"column":21},"end":{"line":79,"column":22}},"loc":{"start":{"line":81,"column":22},"end":{"line":90,"column":26}},"line":81}},"branchMap":{"0":{"loc":{"start":{"line":43,"column":11},"end":{"line":113,"column":11}},"type":"cond-expr","locations":[{"start":{"line":44,"column":12},"end":{"line":95,"column":19}},{"start":{"line":97,"column":12},"end":{"line":112,"column":15}}],"line":43},"1":{"loc":{"start":{"line":70,"column":26},"end":{"line":70,"column":53}},"type":"cond-expr","locations":[{"start":{"line":70,"column":35},"end":{"line":70,"column":48}},{"start":{"line":70,"column":51},"end":{"line":70,"column":53}}],"line":70},"2":{"loc":{"start":{"line":85,"column":26},"end":{"line":85,"column":53}},"type":"cond-expr","locations":[{"start":{"line":85,"column":35},"end":{"line":85,"column":48}},{"start":{"line":85,"column":51},"end":{"line":85,"column":53}}],"line":85}},"s":{"0":80,"1":19,"2":58,"3":58,"4":58,"5":58,"6":58,"7":2,"8":2,"9":2,"10":2,"11":0,"12":0,"13":58,"14":40,"15":40},"f":{"0":80,"1":58,"2":2,"3":40,"4":40},"b":{"0":[38,20],"1":[6,34],"2":[4,36]},"_coverageSchema":"1a1c01bbd47fc00a2c39e90264f33305004495a9","hash":"a5544fa5f4b0128fde163c6bfc6fde2e5a0d97cd"}
,"/Users/neilgebhard/mern-reddit/frontend/src/components/Post.js": {"path":"/Users/neilgebhard/mern-reddit/frontend/src/components/Post.js","statementMap":{"0":{"start":{"line":8,"column":17},"end":{"line":60,"column":1}},"1":{"start":{"line":9,"column":22},"end":{"line":9,"column":31}},"2":{"start":{"line":10,"column":23},"end":{"line":10,"column":39}},"3":{"start":{"line":12,"column":23},"end":{"line":15,"column":3}},"4":{"start":{"line":13,"column":4},"end":{"line":13,"column":49}},"5":{"start":{"line":14,"column":4},"end":{"line":14,"column":25}},"6":{"start":{"line":17,"column":22},"end":{"line":19,"column":7}},"7":{"start":{"line":18,"column":4},"end":{"line":18,"column":44}},"8":{"start":{"line":21,"column":20},"end":{"line":21,"column":52}},"9":{"start":{"line":23,"column":19},"end":{"line":23,"column":45}},"10":{"start":{"line":25,"column":2},"end":{"line":59,"column":4}}},"fnMap":{"0":{"name":"(anonymous_0)","decl":{"start":{"line":8,"column":17},"end":{"line":8,"column":18}},"loc":{"start":{"line":8,"column":43},"end":{"line":60,"column":1}},"line":8},"1":{"name":"(anonymous_1)","decl":{"start":{"line":12,"column":23},"end":{"line":12,"column":24}},"loc":{"start":{"line":12,"column":35},"end":{"line":15,"column":3}},"line":12},"2":{"name":"(anonymous_2)","decl":{"start":{"line":17,"column":44},"end":{"line":17,"column":45}},"loc":{"start":{"line":17,"column":62},"end":{"line":19,"column":3}},"line":17}},"branchMap":{"0":{"loc":{"start":{"line":33,"column":9},"end":{"line":33,"column":75}},"type":"cond-expr","locations":[{"start":{"line":33,"column":20},"end":{"line":33,"column":55}},{"start":{"line":33,"column":58},"end":{"line":33,"column":75}}],"line":33},"1":{"loc":{"start":{"line":46,"column":9},"end":{"line":56,"column":9}},"type":"binary-expr","locations":[{"start":{"line":46,"column":9},"end":{"line":46,"column":17}},{"start":{"line":47,"column":10},"end":{"line":55,"column":17}}],"line":46}},"s":{"0":19,"1":242,"2":242,"3":242,"4":1,"5":1,"6":242,"7":32,"8":242,"9":242,"10":242},"f":{"0":242,"1":1,"2":32},"b":{"0":[192,50],"1":[242,50]},"_coverageSchema":"1a1c01bbd47fc00a2c39e90264f33305004495a9","hash":"7804f41b4014876bd0086321fb5d90f0dc6b33ea"}
,"/Users/neilgebhard/mern-reddit/frontend/src/components/Reply.js": {"path":"/Users/neilgebhard/mern-reddit/frontend/src/components/Reply.js","statementMap":{"0":{"start":{"line":7,"column":14},"end":{"line":44,"column":1}},"1":{"start":{"line":8,"column":22},"end":{"line":8,"column":31}},"2":{"start":{"line":9,"column":23},"end":{"line":9,"column":39}},"3":{"start":{"line":10,"column":20},"end":{"line":10,"column":53}},"4":{"start":{"line":12,"column":19},"end":{"line":12,"column":46}},"5":{"start":{"line":14,"column":23},"end":{"line":19,"column":3}},"6":{"start":{"line":15,"column":4},"end":{"line":17,"column":6}},"7":{"start":{"line":18,"column":4},"end":{"line":18,"column":16}},"8":{"start":{"line":21,"column":2},"end":{"line":43,"column":4}}},"fnMap":{"0":{"name":"(anonymous_0)","decl":{"start":{"line":7,"column":14},"end":{"line":7,"column":15}},"loc":{"start":{"line":7,"column":59},"end":{"line":44,"column":1}},"line":7},"1":{"name":"(anonymous_1)","decl":{"start":{"line":14,"column":23},"end":{"line":14,"column":24}},"loc":{"start":{"line":14,"column":35},"end":{"line":19,"column":3}},"line":14}},"branchMap":{"0":{"loc":{"start":{"line":30,"column":9},"end":{"line":40,"column":9}},"type":"binary-expr","locations":[{"start":{"line":30,"column":9},"end":{"line":30,"column":17}},{"start":{"line":31,"column":10},"end":{"line":39,"column":17}}],"line":30}},"s":{"0":19,"1":6,"2":6,"3":6,"4":6,"5":6,"6":2,"7":2,"8":6},"f":{"0":6,"1":2},"b":{"0":[6,6]},"_coverageSchema":"1a1c01bbd47fc00a2c39e90264f33305004495a9","hash":"442a61ab736d65ffcb1db54bef9b002851774f60"}
,"/Users/neilgebhard/mern-reddit/frontend/src/context/Auth.js": {"path":"/Users/neilgebhard/mern-reddit/frontend/src/context/Auth.js","statementMap":{"0":{"start":{"line":3,"column":20},"end":{"line":3,"column":35}},"1":{"start":{"line":6,"column":16},"end":{"line":6,"column":45}},"2":{"start":{"line":7,"column":19},"end":{"line":7,"column":51}},"3":{"start":{"line":9,"column":26},"end":{"line":12,"column":4}},"4":{"start":{"line":14,"column":23},"end":{"line":22,"column":3}},"5":{"start":{"line":15,"column":4},"end":{"line":15,"column":47}},"6":{"start":{"line":16,"column":4},"end":{"line":16,"column":41}},"7":{"start":{"line":18,"column":4},"end":{"line":21,"column":7}},"8":{"start":{"line":24,"column":17},"end":{"line":31,"column":3}},"9":{"start":{"line":25,"column":4},"end":{"line":25,"column":40}},"10":{"start":{"line":26,"column":4},"end":{"line":26,"column":37}},"11":{"start":{"line":27,"column":4},"end":{"line":30,"column":7}},"12":{"start":{"line":33,"column":26},"end":{"line":35,"column":3}},"13":{"start":{"line":34,"column":4},"end":{"line":34,"column":27}},"14":{"start":{"line":37,"column":2},"end":{"line":43,"column":4}},"15":{"start":{"line":47,"column":2},"end":{"line":47,"column":33}}},"fnMap":{"0":{"name":"AuthProvider","decl":{"start":{"line":5,"column":9},"end":{"line":5,"column":21}},"loc":{"start":{"line":5,"column":36},"end":{"line":44,"column":1}},"line":5},"1":{"name":"(anonymous_1)","decl":{"start":{"line":14,"column":23},"end":{"line":14,"column":24}},"loc":{"start":{"line":14,"column":48},"end":{"line":22,"column":3}},"line":14},"2":{"name":"(anonymous_2)","decl":{"start":{"line":24,"column":17},"end":{"line":24,"column":18}},"loc":{"start":{"line":24,"column":23},"end":{"line":31,"column":3}},"line":24},"3":{"name":"(anonymous_3)","decl":{"start":{"line":33,"column":26},"end":{"line":33,"column":27}},"loc":{"start":{"line":33,"column":32},"end":{"line":35,"column":3}},"line":33},"4":{"name":"useAuth","decl":{"start":{"line":46,"column":9},"end":{"line":46,"column":16}},"loc":{"start":{"line":46,"column":19},"end":{"line":48,"column":1}},"line":46}},"branchMap":{},"s":{"0":19,"1":58,"2":58,"3":58,"4":58,"5":8,"6":8,"7":8,"8":58,"9":2,"10":2,"11":2,"12":58,"13":130,"14":58,"15":448},"f":{"0":58,"1":8,"2":2,"3":130,"4":448},"b":{},"_coverageSchema":"1a1c01bbd47fc00a2c39e90264f33305004495a9","hash":"a46769b686a5a0f4c323b9ef89137b8e46029def"}
,"/Users/neilgebhard/mern-reddit/frontend/src/pages/CreatePost.js": {"path":"/Users/neilgebhard/mern-reddit/frontend/src/pages/CreatePost.js","statementMap":{"0":{"start":{"line":12,"column":19},"end":{"line":18,"column":2}},"1":{"start":{"line":20,"column":19},"end":{"line":76,"column":1}},"2":{"start":{"line":21,"column":22},"end":{"line":21,"column":31}},"3":{"start":{"line":22,"column":18},"end":{"line":22,"column":30}},"4":{"start":{"line":23,"column":32},"end":{"line":23,"column":47}},"5":{"start":{"line":24,"column":28},"end":{"line":24,"column":43}},"6":{"start":{"line":26,"column":23},"end":{"line":38,"column":3}},"7":{"start":{"line":27,"column":4},"end":{"line":37,"column":5}},"8":{"start":{"line":28,"column":6},"end":{"line":28,"column":23}},"9":{"start":{"line":29,"column":6},"end":{"line":29,"column":19}},"10":{"start":{"line":30,"column":23},"end":{"line":30,"column":61}},"11":{"start":{"line":31,"column":6},"end":{"line":31,"column":37}},"12":{"start":{"line":32,"column":6},"end":{"line":32,"column":24}},"13":{"start":{"line":34,"column":6},"end":{"line":34,"column":24}},"14":{"start":{"line":35,"column":23},"end":{"line":35,"column":33}},"15":{"start":{"line":36,"column":6},"end":{"line":36,"column":29}},"16":{"start":{"line":40,"column":2},"end":{"line":75,"column":4}},"17":{"start":{"line":49,"column":32},"end":{"line":49,"column":52}}},"fnMap":{"0":{"name":"(anonymous_0)","decl":{"start":{"line":20,"column":19},"end":{"line":20,"column":20}},"loc":{"start":{"line":20,"column":25},"end":{"line":76,"column":1}},"line":20},"1":{"name":"(anonymous_1)","decl":{"start":{"line":26,"column":23},"end":{"line":26,"column":24}},"loc":{"start":{"line":26,"column":41},"end":{"line":38,"column":3}},"line":26},"2":{"name":"(anonymous_2)","decl":{"start":{"line":49,"column":20},"end":{"line":49,"column":21}},"loc":{"start":{"line":49,"column":32},"end":{"line":49,"column":52}},"line":49}},"branchMap":{"0":{"loc":{"start":{"line":70,"column":13},"end":{"line":70,"column":45}},"type":"binary-expr","locations":[{"start":{"line":70,"column":13},"end":{"line":70,"column":18}},{"start":{"line":70,"column":22},"end":{"line":70,"column":45}}],"line":70}},"s":{"0":19,"1":19,"2":16,"3":16,"4":16,"5":16,"6":16,"7":2,"8":2,"9":2,"10":2,"11":2,"12":2,"13":0,"14":0,"15":0,"16":16,"17":2},"f":{"0":16,"1":2,"2":2},"b":{"0":[16,0]},"_coverageSchema":"1a1c01bbd47fc00a2c39e90264f33305004495a9","hash":"2d42febc9c098580fc0d5c782fb2e0e697515f7f"}
,"/Users/neilgebhard/mern-reddit/frontend/src/pages/Home.js": {"path":"/Users/neilgebhard/mern-reddit/frontend/src/pages/Home.js","statementMap":{"0":{"start":{"line":7,"column":14},"end":{"line":40,"column":1}},"1":{"start":{"line":8,"column":28},"end":{"line":8,"column":40}},"2":{"start":{"line":10,"column":2},"end":{"line":17,"column":9}},"3":{"start":{"line":11,"column":22},"end":{"line":14,"column":5}},"4":{"start":{"line":12,"column":18},"end":{"line":12,"column":47}},"5":{"start":{"line":13,"column":6},"end":{"line":13,"column":25}},"6":{"start":{"line":16,"column":4},"end":{"line":16,"column":16}},"7":{"start":{"line":19,"column":21},"end":{"line":22,"column":3}},"8":{"start":{"line":20,"column":25},"end":{"line":20,"column":64}},"9":{"start":{"line":20,"column":48},"end":{"line":20,"column":63}},"10":{"start":{"line":21,"column":4},"end":{"line":21,"column":27}},"11":{"start":{"line":24,"column":2},"end":{"line":39,"column":4}},"12":{"start":{"line":36,"column":8},"end":{"line":36,"column":67}}},"fnMap":{"0":{"name":"(anonymous_0)","decl":{"start":{"line":7,"column":14},"end":{"line":7,"column":15}},"loc":{"start":{"line":7,"column":20},"end":{"line":40,"column":1}},"line":7},"1":{"name":"(anonymous_1)","decl":{"start":{"line":10,"column":12},"end":{"line":10,"column":13}},"loc":{"start":{"line":10,"column":18},"end":{"line":17,"column":3}},"line":10},"2":{"name":"(anonymous_2)","decl":{"start":{"line":11,"column":22},"end":{"line":11,"column":23}},"loc":{"start":{"line":11,"column":34},"end":{"line":14,"column":5}},"line":11},"3":{"name":"(anonymous_3)","decl":{"start":{"line":19,"column":21},"end":{"line":19,"column":22}},"loc":{"start":{"line":19,"column":29},"end":{"line":22,"column":3}},"line":19},"4":{"name":"(anonymous_4)","decl":{"start":{"line":20,"column":38},"end":{"line":20,"column":39}},"loc":{"start":{"line":20,"column":48},"end":{"line":20,"column":63}},"line":20},"5":{"name":"(anonymous_5)","decl":{"start":{"line":35,"column":17},"end":{"line":35,"column":18}},"loc":{"start":{"line":36,"column":8},"end":{"line":36,"column":67}},"line":36}},"branchMap":{},"s":{"0":19,"1":110,"2":104,"3":30,"4":30,"5":27,"6":30,"7":104,"8":1,"9":5,"10":1,"11":104,"12":198},"f":{"0":110,"1":30,"2":30,"3":1,"4":5,"5":198},"b":{},"_coverageSchema":"1a1c01bbd47fc00a2c39e90264f33305004495a9","hash":"4be01227f33da2c5e5ec137362b4603b0d0e6d1d"}
,"/Users/neilgebhard/mern-reddit/frontend/src/pages/Login.js": {"path":"/Users/neilgebhard/mern-reddit/frontend/src/pages/Login.js","statementMap":{"0":{"start":{"line":11,"column":20},"end":{"line":14,"column":2}},"1":{"start":{"line":16,"column":14},"end":{"line":84,"column":1}},"2":{"start":{"line":17,"column":22},"end":{"line":17,"column":31}},"3":{"start":{"line":18,"column":18},"end":{"line":18,"column":30}},"4":{"start":{"line":19,"column":32},"end":{"line":19,"column":47}},"5":{"start":{"line":20,"column":28},"end":{"line":20,"column":43}},"6":{"start":{"line":22,"column":23},"end":{"line":34,"column":3}},"7":{"start":{"line":23,"column":4},"end":{"line":33,"column":5}},"8":{"start":{"line":24,"column":6},"end":{"line":24,"column":23}},"9":{"start":{"line":25,"column":6},"end":{"line":25,"column":19}},"10":{"start":{"line":26,"column":23},"end":{"line":26,"column":61}},"11":{"start":{"line":27,"column":6},"end":{"line":27,"column":37}},"12":{"start":{"line":28,"column":6},"end":{"line":28,"column":24}},"13":{"start":{"line":30,"column":6},"end":{"line":30,"column":24}},"14":{"start":{"line":31,"column":23},"end":{"line":31,"column":33}},"15":{"start":{"line":32,"column":6},"end":{"line":32,"column":29}},"16":{"start":{"line":36,"column":2},"end":{"line":83,"column":4}},"17":{"start":{"line":47,"column":32},"end":{"line":47,"column":52}}},"fnMap":{"0":{"name":"(anonymous_0)","decl":{"start":{"line":16,"column":14},"end":{"line":16,"column":15}},"loc":{"start":{"line":16,"column":20},"end":{"line":84,"column":1}},"line":16},"1":{"name":"(anonymous_1)","decl":{"start":{"line":22,"column":23},"end":{"line":22,"column":24}},"loc":{"start":{"line":22,"column":41},"end":{"line":34,"column":3}},"line":22},"2":{"name":"(anonymous_2)","decl":{"start":{"line":47,"column":20},"end":{"line":47,"column":21}},"loc":{"start":{"line":47,"column":32},"end":{"line":47,"column":52}},"line":47}},"branchMap":{"0":{"loc":{"start":{"line":78,"column":13},"end":{"line":78,"column":45}},"type":"binary-expr","locations":[{"start":{"line":78,"column":13},"end":{"line":78,"column":18}},{"start":{"line":78,"column":22},"end":{"line":78,"column":45}}],"line":78}},"s":{"0":19,"1":19,"2":16,"3":16,"4":16,"5":16,"6":16,"7":2,"8":2,"9":2,"10":2,"11":2,"12":2,"13":0,"14":0,"15":0,"16":16,"17":2},"f":{"0":16,"1":2,"2":2},"b":{"0":[16,0]},"_coverageSchema":"1a1c01bbd47fc00a2c39e90264f33305004495a9","hash":"6f6a4bc950947b4d64f540dbc31bd6e056dad504"}
,"/Users/neilgebhard/mern-reddit/frontend/src/pages/Post.js": {"path":"/Users/neilgebhard/mern-reddit/frontend/src/pages/Post.js","statementMap":{"0":{"start":{"line":10,"column":13},"end":{"line":51,"column":1}},"1":{"start":{"line":11,"column":26},"end":{"line":11,"column":37}},"2":{"start":{"line":12,"column":22},"end":{"line":12,"column":31}},"3":{"start":{"line":13,"column":26},"end":{"line":13,"column":55}},"4":{"start":{"line":14,"column":26},"end":{"line":14,"column":40}},"5":{"start":{"line":15,"column":28},"end":{"line":15,"column":40}},"6":{"start":{"line":17,"column":20},"end":{"line":25,"column":3}},"7":{"start":{"line":18,"column":4},"end":{"line":24,"column":5}},"8":{"start":{"line":19,"column":18},"end":{"line":19,"column":57}},"9":{"start":{"line":20,"column":6},"end":{"line":20,"column":24}},"10":{"start":{"line":22,"column":23},"end":{"line":22,"column":33}},"11":{"start":{"line":23,"column":6},"end":{"line":23,"column":29}},"12":{"start":{"line":27,"column":2},"end":{"line":30,"column":9}},"13":{"start":{"line":28,"column":4},"end":{"line":28,"column":16}},"14":{"start":{"line":32,"column":2},"end":{"line":50,"column":4}},"15":{"start":{"line":41,"column":8},"end":{"line":47,"column":10}}},"fnMap":{"0":{"name":"(anonymous_0)","decl":{"start":{"line":10,"column":13},"end":{"line":10,"column":14}},"loc":{"start":{"line":10,"column":19},"end":{"line":51,"column":1}},"line":10},"1":{"name":"(anonymous_1)","decl":{"start":{"line":17,"column":20},"end":{"line":17,"column":21}},"loc":{"start":{"line":17,"column":32},"end":{"line":25,"column":3}},"line":17},"2":{"name":"(anonymous_2)","decl":{"start":{"line":27,"column":12},"end":{"line":27,"column":13}},"loc":{"start":{"line":27,"column":18},"end":{"line":30,"column":3}},"line":27},"3":{"name":"(anonymous_3)","decl":{"start":{"line":40,"column":26},"end":{"line":40,"column":27}},"loc":{"start":{"line":41,"column":8},"end":{"line":47,"column":10}},"line":41}},"branchMap":{"0":{"loc":{"start":{"line":35,"column":7},"end":{"line":35,"column":39}},"type":"binary-expr","locations":[{"start":{"line":35,"column":7},"end":{"line":35,"column":11}},{"start":{"line":35,"column":15},"end":{"line":35,"column":39}}],"line":35},"1":{"loc":{"start":{"line":36,"column":7},"end":{"line":36,"column":39}},"type":"binary-expr","locations":[{"start":{"line":36,"column":7},"end":{"line":36,"column":12}},{"start":{"line":36,"column":16},"end":{"line":36,"column":39}}],"line":36},"2":{"loc":{"start":{"line":37,"column":7},"end":{"line":39,"column":7}},"type":"binary-expr","locations":[{"start":{"line":37,"column":7},"end":{"line":37,"column":22}},{"start":{"line":38,"column":8},"end":{"line":38,"column":62}}],"line":37}},"s":{"0":19,"1":44,"2":44,"3":44,"4":44,"5":44,"6":44,"7":14,"8":14,"9":13,"10":0,"11":0,"12":44,"13":8,"14":44,"15":20},"f":{"0":44,"1":14,"2":8,"3":20},"b":{"0":[44,28],"1":[44,0],"2":[44,44]},"_coverageSchema":"1a1c01bbd47fc00a2c39e90264f33305004495a9","hash":"3576dd5f4f5d6b742fa879d42e1bf6cead9dcf1e"}
,"/Users/neilgebhard/mern-reddit/frontend/src/pages/Profile.js": {"path":"/Users/neilgebhard/mern-reddit/frontend/src/pages/Profile.js","statementMap":{"0":{"start":{"line":5,"column":16},"end":{"line":21,"column":1}},"1":{"start":{"line":6,"column":22},"end":{"line":6,"column":31}},"2":{"start":{"line":7,"column":30},"end":{"line":7,"column":46}},"3":{"start":{"line":8,"column":2},"end":{"line":20,"column":4}}},"fnMap":{"0":{"name":"(anonymous_0)","decl":{"start":{"line":5,"column":16},"end":{"line":5,"column":17}},"loc":{"start":{"line":5,"column":22},"end":{"line":21,"column":1}},"line":5}},"branchMap":{},"s":{"0":19,"1":6,"2":6,"3":6},"f":{"0":6},"b":{},"_coverageSchema":"1a1c01bbd47fc00a2c39e90264f33305004495a9","hash":"d95909a16018646c34741f6d0e090b4d0a2791ee"}
,"/Users/neilgebhard/mern-reddit/frontend/src/pages/Signup.js": {"path":"/Users/neilgebhard/mern-reddit/frontend/src/pages/Signup.js","statementMap":{"0":{"start":{"line":11,"column":21},"end":{"line":19,"column":2}},"1":{"start":{"line":21,"column":15},"end":{"line":91,"column":1}},"2":{"start":{"line":22,"column":22},"end":{"line":22,"column":31}},"3":{"start":{"line":23,"column":18},"end":{"line":23,"column":30}},"4":{"start":{"line":24,"column":32},"end":{"line":24,"column":47}},"5":{"start":{"line":25,"column":28},"end":{"line":25,"column":43}},"6":{"start":{"line":27,"column":23},"end":{"line":39,"column":3}},"7":{"start":{"line":28,"column":4},"end":{"line":38,"column":5}},"8":{"start":{"line":29,"column":6},"end":{"line":29,"column":23}},"9":{"start":{"line":30,"column":6},"end":{"line":30,"column":19}},"10":{"start":{"line":31,"column":23},"end":{"line":31,"column":62}},"11":{"start":{"line":32,"column":6},"end":{"line":32,"column":37}},"12":{"start":{"line":33,"column":6},"end":{"line":33,"column":24}},"13":{"start":{"line":35,"column":6},"end":{"line":35,"column":24}},"14":{"start":{"line":36,"column":23},"end":{"line":36,"column":33}},"15":{"start":{"line":37,"column":6},"end":{"line":37,"column":29}},"16":{"start":{"line":41,"column":2},"end":{"line":90,"column":4}},"17":{"start":{"line":53,"column":32},"end":{"line":53,"column":52}}},"fnMap":{"0":{"name":"(anonymous_0)","decl":{"start":{"line":21,"column":15},"end":{"line":21,"column":16}},"loc":{"start":{"line":21,"column":21},"end":{"line":91,"column":1}},"line":21},"1":{"name":"(anonymous_1)","decl":{"start":{"line":27,"column":23},"end":{"line":27,"column":24}},"loc":{"start":{"line":27,"column":41},"end":{"line":39,"column":3}},"line":27},"2":{"name":"(anonymous_2)","decl":{"start":{"line":53,"column":20},"end":{"line":53,"column":21}},"loc":{"start":{"line":53,"column":32},"end":{"line":53,"column":52}},"line":53}},"branchMap":{"0":{"loc":{"start":{"line":85,"column":13},"end":{"line":85,"column":45}},"type":"binary-expr","locations":[{"start":{"line":85,"column":13},"end":{"line":85,"column":18}},{"start":{"line":85,"column":22},"end":{"line":85,"column":45}}],"line":85}},"s":{"0":19,"1":19,"2":32,"3":32,"4":32,"5":32,"6":32,"7":4,"8":4,"9":4,"10":4,"11":4,"12":4,"13":0,"14":0,"15":0,"16":32,"17":4},"f":{"0":32,"1":4,"2":4},"b":{"0":[32,0]},"_coverageSchema":"1a1c01bbd47fc00a2c39e90264f33305004495a9","hash":"e2d70451a7ae3c5fe66cab4e2365d5c3176ba79a"}
,"/Users/neilgebhard/mern-reddit/frontend/src/ui/Error.js": {"path":"/Users/neilgebhard/mern-reddit/frontend/src/ui/Error.js","statementMap":{"0":{"start":{"line":1,"column":14},"end":{"line":3,"column":1}},"1":{"start":{"line":2,"column":2},"end":{"line":2,"column":53}}},"fnMap":{"0":{"name":"(anonymous_0)","decl":{"start":{"line":1,"column":14},"end":{"line":1,"column":15}},"loc":{"start":{"line":1,"column":29},"end":{"line":3,"column":1}},"line":1}},"branchMap":{},"s":{"0":19,"1":32},"f":{"0":32},"b":{},"_coverageSchema":"1a1c01bbd47fc00a2c39e90264f33305004495a9","hash":"c878d3fe75c33be339d95f55c52659fec009bd2e"}
,"/Users/neilgebhard/mern-reddit/frontend/src/ui/Flex.js": {"path":"/Users/neilgebhard/mern-reddit/frontend/src/ui/Flex.js","statementMap":{"0":{"start":{"line":3,"column":13},"end":{"line":10,"column":1}},"1":{"start":{"line":4,"column":2},"end":{"line":9,"column":4}}},"fnMap":{"0":{"name":"(anonymous_0)","decl":{"start":{"line":3,"column":13},"end":{"line":3,"column":14}},"loc":{"start":{"line":3,"column":41},"end":{"line":10,"column":1}},"line":3}},"branchMap":{},"s":{"0":19,"1":382},"f":{"0":382},"b":{},"_coverageSchema":"1a1c01bbd47fc00a2c39e90264f33305004495a9","hash":"87ab8dc0fda328bd52fc4537a9da59901e51638c"}
,"/Users/neilgebhard/mern-reddit/frontend/src/ui/SubmitButton.js": {"path":"/Users/neilgebhard/mern-reddit/frontend/src/ui/SubmitButton.js","statementMap":{"0":{"start":{"line":1,"column":21},"end":{"line":12,"column":1}},"1":{"start":{"line":2,"column":2},"end":{"line":11,"column":4}}},"fnMap":{"0":{"name":"(anonymous_0)","decl":{"start":{"line":1,"column":21},"end":{"line":1,"column":22}},"loc":{"start":{"line":1,"column":73},"end":{"line":12,"column":1}},"line":1}},"branchMap":{"0":{"loc":{"start":{"line":1,"column":43},"end":{"line":1,"column":57}},"type":"default-arg","locations":[{"start":{"line":1,"column":55},"end":{"line":1,"column":57}}],"line":1}},"s":{"0":19,"1":86},"f":{"0":86},"b":{"0":[70]},"_coverageSchema":"1a1c01bbd47fc00a2c39e90264f33305004495a9","hash":"aae2d7d6f39963ed7b18b04dd895c5469167ac37"}
,"/Users/neilgebhard/mern-reddit/frontend/src/ui/TextArea.js": {"path":"/Users/neilgebhard/mern-reddit/frontend/src/ui/TextArea.js","statementMap":{"0":{"start":{"line":3,"column":17},"end":{"line":19,"column":1}},"1":{"start":{"line":4,"column":24},"end":{"line":4,"column":39}},"2":{"start":{"line":5,"column":2},"end":{"line":18,"column":4}}},"fnMap":{"0":{"name":"(anonymous_0)","decl":{"start":{"line":3,"column":17},"end":{"line":3,"column":18}},"loc":{"start":{"line":3,"column":42},"end":{"line":19,"column":1}},"line":3}},"branchMap":{"0":{"loc":{"start":{"line":7,"column":22},"end":{"line":7,"column":44}},"type":"binary-expr","locations":[{"start":{"line":7,"column":22},"end":{"line":7,"column":30}},{"start":{"line":7,"column":34},"end":{"line":7,"column":44}}],"line":7},"1":{"loc":{"start":{"line":14,"column":7},"end":{"line":16,"column":14}},"type":"cond-expr","locations":[{"start":{"line":15,"column":8},"end":{"line":15,"column":56}},{"start":{"line":16,"column":10},"end":{"line":16,"column":14}}],"line":14},"2":{"loc":{"start":{"line":14,"column":7},"end":{"line":14,"column":33}},"type":"binary-expr","locations":[{"start":{"line":14,"column":7},"end":{"line":14,"column":19}},{"start":{"line":14,"column":23},"end":{"line":14,"column":33}}],"line":14}},"s":{"0":19,"1":446,"2":446},"f":{"0":446},"b":{"0":[446,0],"1":[0,446],"2":[446,80]},"_coverageSchema":"1a1c01bbd47fc00a2c39e90264f33305004495a9","hash":"52a77d37f3b67b9a0050b89292487a8b50ee6558"}
,"/Users/neilgebhard/mern-reddit/frontend/src/ui/TextInput.js": {"path":"/Users/neilgebhard/mern-reddit/frontend/src/ui/TextInput.js","statementMap":{"0":{"start":{"line":4,"column":18},"end":{"line":17,"column":1}},"1":{"start":{"line":5,"column":24},"end":{"line":5,"column":39}},"2":{"start":{"line":6,"column":2},"end":{"line":16,"column":4}}},"fnMap":{"0":{"name":"(anonymous_0)","decl":{"start":{"line":4,"column":18},"end":{"line":4,"column":19}},"loc":{"start":{"line":4,"column":43},"end":{"line":17,"column":1}},"line":4}},"branchMap":{"0":{"loc":{"start":{"line":8,"column":22},"end":{"line":8,"column":44}},"type":"binary-expr","locations":[{"start":{"line":8,"column":22},"end":{"line":8,"column":30}},{"start":{"line":8,"column":34},"end":{"line":8,"column":44}}],"line":8},"1":{"loc":{"start":{"line":14,"column":7},"end":{"line":14,"column":71}},"type":"cond-expr","locations":[{"start":{"line":14,"column":36},"end":{"line":14,"column":64}},{"start":{"line":14,"column":67},"end":{"line":14,"column":71}}],"line":14},"2":{"loc":{"start":{"line":14,"column":7},"end":{"line":14,"column":33}},"type":"binary-expr","locations":[{"start":{"line":14,"column":7},"end":{"line":14,"column":19}},{"start":{"line":14,"column":23},"end":{"line":14,"column":33}}],"line":14}},"s":{"0":19,"1":3264,"2":3264},"f":{"0":3264},"b":{"0":[3264,0],"1":[32,3232],"2":[3264,1252]},"_coverageSchema":"1a1c01bbd47fc00a2c39e90264f33305004495a9","hash":"df2a8caad41f36dff74566b5db12a6ccaf9460bf"}
}
