TN:
SF:src/App.js
FN:14,(anonymous_0)
FNF:1
FNH:1
FNDA:28,(anonymous_0)
DA:11,14
DA:12,14
DA:14,14
DA:15,28
LF:4
LH:4
BRF:0
BRH:0
end_of_record
TN:
SF:src/index.js
FNF:0
FNH:0
DA:7,14
LF:1
LH:1
BRF:0
BRH:0
end_of_record
TN:
SF:src/components/Comment.js
FN:10,(anonymous_0)
FN:17,(anonymous_1)
FN:18,(anonymous_2)
FN:21,(anonymous_3)
FN:72,(anonymous_4)
FNF:5
FNH:5
FNDA:30,(anonymous_0)
FNDA:2,(anonymous_1)
FNDA:2,(anonymous_2)
FNDA:2,(anonymous_3)
FNDA:6,(anonymous_4)
DA:10,14
DA:11,30
DA:13,30
DA:14,30
DA:15,30
DA:17,30
DA:18,2
DA:21,30
DA:22,2
DA:23,2
DA:26,30
DA:28,30
DA:30,30
DA:73,6
LF:14
LH:14
BRDA:40,0,0,30
BRDA:40,0,1,30
BRDA:51,1,0,30
BRDA:51,1,1,30
BRDA:64,2,0,30
BRDA:64,2,1,4
BRF:6
BRH:6
end_of_record
TN:
SF:src/components/CreateComment.js
FN:13,(anonymous_0)
FN:17,(anonymous_1)
FN:44,(anonymous_2)
FNF:3
FNH:3
FNDA:58,(anonymous_0)
FNDA:2,(anonymous_1)
FNDA:2,(anonymous_2)
DA:9,14
DA:13,14
DA:14,58
DA:15,58
DA:17,58
DA:18,2
DA:19,2
DA:20,2
DA:21,2
DA:25,2
DA:26,2
DA:27,2
DA:33,0
DA:34,0
DA:35,0
DA:39,58
DA:44,2
LF:17
LH:14
BRDA:58,0,0,58
BRDA:58,0,1,0
BRF:2
BRH:1
end_of_record
TN:
SF:src/components/CreateReply.js
FN:13,(anonymous_0)
FN:17,(anonymous_1)
FN:46,(anonymous_2)
FNF:3
FNH:3
FNDA:16,(anonymous_0)
FNDA:2,(anonymous_1)
FNDA:2,(anonymous_2)
DA:9,14
DA:13,14
DA:14,16
DA:15,16
DA:17,16
DA:18,2
DA:19,2
DA:20,2
DA:21,2
DA:25,2
DA:26,2
DA:27,2
DA:28,2
DA:34,0
DA:35,0
DA:36,0
DA:37,0
DA:41,16
DA:46,2
LF:19
LH:15
BRDA:60,0,0,16
BRDA:60,0,1,0
BRF:2
BRH:1
end_of_record
TN:
SF:src/components/Navbar.js
FN:14,classNames
FN:18,(anonymous_1)
FN:24,(anonymous_2)
FN:65,(anonymous_3)
FN:78,(anonymous_4)
FNF:5
FNH:1
FNDA:0,classNames
FNDA:54,(anonymous_1)
FNDA:0,(anonymous_2)
FNDA:0,(anonymous_3)
FNDA:0,(anonymous_4)
DA:15,0
DA:18,14
DA:19,54
DA:20,54
DA:21,54
DA:22,54
DA:24,54
DA:25,0
DA:26,0
DA:27,0
DA:28,0
DA:30,0
DA:31,0
DA:35,54
DA:66,0
DA:80,0
LF:16
LH:7
BRDA:43,0,0,26
BRDA:43,0,1,28
BRDA:69,1,0,0
BRDA:69,1,1,0
BRDA:83,2,0,0
BRDA:83,2,1,0
BRF:6
BRH:2
end_of_record
TN:
SF:src/components/Post.js
FN:8,(anonymous_0)
FN:12,(anonymous_1)
FN:17,(anonymous_2)
FNF:3
FNH:3
FNDA:212,(anonymous_0)
FNDA:1,(anonymous_1)
FNDA:98,(anonymous_2)
DA:8,14
DA:9,212
DA:10,212
DA:12,212
DA:13,1
DA:14,1
DA:17,212
DA:18,98
DA:21,212
DA:23,212
DA:25,212
LF:11
LH:11
BRDA:33,0,0,160
BRDA:33,0,1,52
BRDA:46,1,0,212
BRDA:46,1,1,52
BRF:4
BRH:4
end_of_record
TN:
SF:src/components/Reply.js
FN:7,(anonymous_0)
FN:14,(anonymous_1)
FNF:2
FNH:2
FNDA:6,(anonymous_0)
FNDA:2,(anonymous_1)
DA:7,14
DA:8,6
DA:9,6
DA:10,6
DA:12,6
DA:14,6
DA:15,2
DA:18,2
DA:21,6
LF:9
LH:9
BRDA:30,0,0,6
BRDA:30,0,1,6
BRF:2
BRH:2
end_of_record
TN:
SF:src/context/Auth.js
FN:5,AuthProvider
FN:14,(anonymous_1)
FN:24,(anonymous_2)
FN:33,(anonymous_3)
FN:46,useAuth
FNF:5
FNH:4
FNDA:54,AuthProvider
FNDA:13,(anonymous_1)
FNDA:0,(anonymous_2)
FNDA:130,(anonymous_3)
FNDA:452,useAuth
DA:3,14
DA:6,54
DA:7,54
DA:9,54
DA:14,54
DA:15,13
DA:16,13
DA:18,13
DA:24,54
DA:25,0
DA:26,0
DA:27,0
DA:33,54
DA:34,130
DA:37,54
DA:47,452
LF:16
LH:13
BRF:0
BRH:0
end_of_record
TN:
SF:src/pages/CreatePost.js
FN:20,(anonymous_0)
FN:26,(anonymous_1)
FN:49,(anonymous_2)
FNF:3
FNH:3
FNDA:16,(anonymous_0)
FNDA:2,(anonymous_1)
FNDA:2,(anonymous_2)
DA:12,14
DA:20,14
DA:21,16
DA:22,16
DA:23,16
DA:24,16
DA:26,16
DA:27,2
DA:28,2
DA:29,2
DA:30,2
DA:31,2
DA:32,2
DA:34,0
DA:35,0
DA:36,0
DA:40,16
DA:49,2
LF:18
LH:15
BRDA:70,0,0,16
BRDA:70,0,1,0
BRF:2
BRH:1
end_of_record
TN:
SF:src/pages/Home.js
FN:7,(anonymous_0)
FN:10,(anonymous_1)
FN:11,(anonymous_2)
FN:19,(anonymous_3)
FN:20,(anonymous_4)
FN:35,(anonymous_5)
FNF:6
FNH:6
FNDA:97,(anonymous_0)
FNDA:27,(anonymous_1)
FNDA:27,(anonymous_2)
FNDA:1,(anonymous_3)
FNDA:6,(anonymous_4)
FNDA:182,(anonymous_5)
DA:7,14
DA:8,97
DA:10,86
DA:11,27
DA:12,27
DA:13,26
DA:16,27
DA:19,86
DA:20,6
DA:21,1
DA:24,86
DA:36,182
LF:12
LH:12
BRF:0
BRH:0
end_of_record
TN:
SF:src/pages/Login.js
FN:16,(anonymous_0)
FN:22,(anonymous_1)
FN:47,(anonymous_2)
FNF:3
FNH:3
FNDA:88,(anonymous_0)
FNDA:11,(anonymous_1)
FNDA:11,(anonymous_2)
DA:11,14
DA:16,14
DA:17,88
DA:18,88
DA:19,88
DA:20,88
DA:22,88
DA:23,11
DA:24,11
DA:25,11
DA:26,11
DA:27,11
DA:28,11
DA:30,0
DA:31,0
DA:32,0
DA:36,88
DA:47,11
LF:18
LH:15
BRDA:78,0,0,88
BRDA:78,0,1,0
BRF:2
BRH:1
end_of_record
TN:
SF:src/pages/Post.js
FN:10,(anonymous_0)
FN:17,(anonymous_1)
FN:27,(anonymous_2)
FN:40,(anonymous_3)
FNF:4
FNH:4
FNDA:46,(anonymous_0)
FNDA:14,(anonymous_1)
FNDA:8,(anonymous_2)
FNDA:22,(anonymous_3)
DA:10,14
DA:11,46
DA:12,46
DA:13,46
DA:14,46
DA:15,46
DA:17,46
DA:18,14
DA:19,14
DA:20,13
DA:22,0
DA:23,0
DA:27,46
DA:28,8
DA:32,46
DA:41,22
LF:16
LH:14
BRDA:35,0,0,46
BRDA:35,0,1,30
BRDA:36,1,0,46
BRDA:36,1,1,0
BRDA:37,2,0,46
BRDA:37,2,1,46
BRF:6
BRH:5
end_of_record
TN:
SF:src/pages/Profile.js
FN:5,(anonymous_0)
FNF:1
FNH:0
FNDA:0,(anonymous_0)
DA:5,14
DA:6,0
DA:7,0
DA:8,0
LF:4
LH:1
BRF:0
BRH:0
end_of_record
TN:
SF:src/pages/Signup.js
FN:21,(anonymous_0)
FN:27,(anonymous_1)
FN:53,(anonymous_2)
FNF:3
FNH:0
FNDA:0,(anonymous_0)
FNDA:0,(anonymous_1)
FNDA:0,(anonymous_2)
DA:11,14
DA:21,14
DA:22,0
DA:23,0
DA:24,0
DA:25,0
DA:27,0
DA:28,0
DA:29,0
DA:30,0
DA:31,0
DA:32,0
DA:33,0
DA:35,0
DA:36,0
DA:37,0
DA:41,0
DA:53,0
LF:18
LH:2
BRDA:84,0,0,0
BRDA:84,0,1,0
BRF:2
BRH:0
end_of_record
TN:
SF:src/ui/Error.js
FN:1,(anonymous_0)
FNF:1
FNH:0
FNDA:0,(anonymous_0)
DA:1,14
DA:2,0
LF:2
LH:1
BRF:0
BRH:0
end_of_record
TN:
SF:src/ui/Flex.js
FN:3,(anonymous_0)
FNF:1
FNH:1
FNDA:332,(anonymous_0)
DA:3,14
DA:4,332
LF:2
LH:2
BRF:0
BRH:0
end_of_record
TN:
SF:src/ui/SubmitButton.js
FN:1,(anonymous_0)
FNF:1
FNH:1
FNDA:90,(anonymous_0)
DA:1,14
DA:2,90
LF:2
LH:2
BRDA:1,0,0,74
BRF:1
BRH:1
end_of_record
TN:
SF:src/ui/TextArea.js
FN:3,(anonymous_0)
FNF:1
FNH:1
FNDA:666,(anonymous_0)
DA:3,14
DA:4,666
DA:5,666
LF:3
LH:3
BRDA:7,0,0,666
BRDA:7,0,1,0
BRDA:14,1,0,0
BRDA:14,1,1,666
BRDA:14,2,0,666
BRDA:14,2,1,84
BRF:6
BRH:4
end_of_record
TN:
SF:src/ui/TextInput.js
FN:4,(anonymous_0)
FNF:1
FNH:1
FNDA:2996,(anonymous_0)
DA:4,14
DA:5,2996
DA:6,2996
LF:3
LH:3
BRDA:8,0,0,2996
BRDA:8,0,1,0
BRDA:14,1,0,0
BRDA:14,1,1,2996
BRDA:14,2,0,2996
BRDA:14,2,1,822
BRF:6
BRH:4
end_of_record
