TN:
SF:src/App.tsx
FN:14,(anonymous_0)
FNF:1
FNH:1
FNDA:36,(anonymous_0)
DA:11,18
DA:12,18
DA:14,18
DA:15,36
LF:4
LH:4
BRF:0
BRH:0
end_of_record
TN:
SF:src/index.tsx
FNF:0
FNH:0
DA:7,18
LF:1
LH:1
BRF:0
BRH:0
end_of_record
TN:
SF:src/components/Comment.tsx
FN:18,(anonymous_0)
FN:21,(anonymous_1)
FN:38,(anonymous_2)
FN:38,(anonymous_3)
FN:59,(anonymous_4)
FNF:5
FNH:5
FNDA:30,(anonymous_0)
FNDA:2,(anonymous_1)
FNDA:2,(anonymous_2)
FNDA:2,(anonymous_3)
FNDA:6,(anonymous_4)
DA:18,18
DA:19,30
DA:21,30
DA:22,2
DA:23,2
DA:26,30
DA:38,2
DA:60,6
LF:8
LH:8
BRDA:50,0,0,30
BRDA:50,0,1,4
BRF:2
BRH:2
end_of_record
TN:
SF:src/components/CommentList.tsx
FN:9,(anonymous_0)
FN:20,(anonymous_1)
FNF:2
FNH:2
FNDA:30,(anonymous_0)
FNDA:22,(anonymous_1)
DA:9,18
DA:10,30
DA:11,8
DA:18,22
DA:21,22
LF:5
LH:5
BRDA:10,0,0,8
BRDA:10,0,1,22
BRF:2
BRH:2
end_of_record
TN:
SF:src/components/CreateComment.tsx
FN:22,(anonymous_0)
FN:28,(anonymous_1)
FN:57,(anonymous_2)
FNF:3
FNH:3
FNDA:42,(anonymous_0)
FNDA:2,(anonymous_1)
FNDA:2,(anonymous_2)
DA:18,18
DA:22,18
DA:23,42
DA:24,42
DA:25,42
DA:26,42
DA:28,42
DA:32,2
DA:33,2
DA:34,2
DA:35,2
DA:39,2
DA:40,2
DA:41,2
DA:47,0
DA:48,0
DA:49,0
DA:53,42
DA:54,42
DA:57,2
LF:20
LH:17
BRDA:77,0,0,42
BRDA:77,0,1,0
BRF:2
BRH:1
end_of_record
TN:
SF:src/components/CreateReply.tsx
FN:23,(anonymous_0)
FN:32,(anonymous_1)
FN:63,(anonymous_2)
FNF:3
FNH:3
FNDA:16,(anonymous_0)
FNDA:2,(anonymous_1)
FNDA:2,(anonymous_2)
DA:10,18
DA:23,18
DA:29,16
DA:30,16
DA:32,16
DA:36,2
DA:37,2
DA:38,2
DA:39,2
DA:43,2
DA:44,2
DA:45,2
DA:46,2
DA:52,0
DA:53,0
DA:54,0
DA:55,0
DA:59,16
DA:60,16
DA:63,2
LF:20
LH:16
BRDA:79,0,0,16
BRDA:79,0,1,0
BRF:2
BRH:1
end_of_record
TN:
SF:src/components/CreatedAt.tsx
FN:7,(anonymous_0)
FNF:1
FNH:1
FNDA:638,(anonymous_0)
DA:7,18
DA:8,638
DA:10,638
LF:3
LH:3
BRF:0
BRH:0
end_of_record
TN:
SF:src/components/DeleteButton.tsx
FN:9,(anonymous_0)
FNF:1
FNH:1
FNDA:30,(anonymous_0)
DA:9,18
DA:10,30
LF:2
LH:2
BRF:0
BRH:0
end_of_record
TN:
SF:src/components/Error.tsx
FN:5,(anonymous_0)
FNF:1
FNH:0
FNDA:0,(anonymous_0)
DA:5,18
DA:6,0
LF:2
LH:1
BRF:0
BRH:0
end_of_record
TN:
SF:src/components/IfLoggedIn.tsx
FN:7,(anonymous_0)
FNF:1
FNH:1
FNDA:30,(anonymous_0)
DA:7,18
DA:8,30
DA:10,30
LF:3
LH:3
BRDA:10,0,0,30
BRDA:10,0,1,0
BRF:2
BRH:1
end_of_record
TN:
SF:src/components/IfUser.tsx
FN:8,(anonymous_0)
FNF:1
FNH:1
FNDA:652,(anonymous_0)
DA:8,18
DA:9,652
DA:11,652
LF:3
LH:3
BRDA:11,0,0,58
BRDA:11,0,1,594
BRF:2
BRH:2
end_of_record
TN:
SF:src/components/Navbar.tsx
FN:14,classNames
FN:18,(anonymous_1)
FN:24,(anonymous_2)
FN:69,(anonymous_3)
FN:83,(anonymous_4)
FNF:5
FNH:5
FNDA:80,classNames
FNDA:50,(anonymous_1)
FNDA:2,(anonymous_2)
FNDA:40,(anonymous_3)
FNDA:40,(anonymous_4)
DA:15,80
DA:18,18
DA:19,50
DA:20,50
DA:21,50
DA:22,50
DA:24,50
DA:25,2
DA:26,2
DA:27,2
DA:28,2
DA:30,0
DA:31,0
DA:35,50
DA:70,40
DA:85,40
LF:16
LH:14
BRDA:47,0,0,32
BRDA:47,0,1,18
BRDA:74,1,0,6
BRDA:74,1,1,34
BRDA:90,2,0,4
BRDA:90,2,1,36
BRF:6
BRH:6
end_of_record
TN:
SF:src/components/PostItem.tsx
FN:16,(anonymous_0)
FN:17,(anonymous_1)
FN:22,(anonymous_2)
FNF:3
FNH:3
FNDA:602,(anonymous_0)
FNDA:1,(anonymous_1)
FNDA:784,(anonymous_2)
DA:16,18
DA:17,602
DA:18,1
DA:19,1
DA:22,602
DA:23,784
DA:26,602
LF:7
LH:7
BRDA:19,0,0,1
BRDA:19,0,1,0
BRDA:37,1,0,0
BRDA:37,1,1,602
BRDA:43,2,0,602
BRDA:43,2,1,30
BRDA:43,2,2,0
BRDA:55,3,0,602
BRDA:55,3,1,572
BRF:9
BRH:6
end_of_record
TN:
SF:src/components/Reply.tsx
FN:15,(anonymous_0)
FN:16,(anonymous_1)
FNF:2
FNH:2
FNDA:6,(anonymous_0)
FNDA:2,(anonymous_1)
DA:15,18
DA:16,6
DA:17,2
DA:20,2
DA:23,6
LF:5
LH:5
BRF:0
BRH:0
end_of_record
TN:
SF:src/components/ReplyButton.tsx
FN:8,(anonymous_0)
FNF:1
FNH:1
FNDA:30,(anonymous_0)
DA:8,18
DA:9,30
LF:2
LH:2
BRF:0
BRH:0
end_of_record
TN:
SF:src/components/Votes.tsx
FN:14,(anonymous_0)
FN:17,(anonymous_1)
FN:20,(anonymous_2)
FN:23,(anonymous_3)
FN:27,(anonymous_4)
FN:29,(anonymous_5)
FN:34,(anonymous_6)
FN:39,(anonymous_7)
FN:45,(anonymous_8)
FN:47,(anonymous_9)
FN:53,(anonymous_10)
FN:58,(anonymous_11)
FNF:12
FNH:4
FNDA:646,(anonymous_0)
FNDA:522,(anonymous_1)
FNDA:522,(anonymous_2)
FNDA:522,(anonymous_3)
FNDA:0,(anonymous_4)
FNDA:0,(anonymous_5)
FNDA:0,(anonymous_6)
FNDA:0,(anonymous_7)
FNDA:0,(anonymous_8)
FNDA:0,(anonymous_9)
FNDA:0,(anonymous_10)
FNDA:0,(anonymous_11)
DA:14,18
DA:15,646
DA:16,646
DA:17,522
DA:20,646
DA:21,522
DA:23,646
DA:24,522
DA:27,646
DA:28,0
DA:29,0
DA:30,0
DA:32,0
DA:33,0
DA:34,0
DA:35,0
DA:36,0
DA:37,0
DA:39,0
DA:40,0
DA:41,0
DA:45,646
DA:46,0
DA:47,0
DA:48,0
DA:51,0
DA:52,0
DA:53,0
DA:54,0
DA:55,0
DA:56,0
DA:58,0
DA:59,0
DA:60,0
DA:64,646
DA:65,646
DA:67,646
LF:37
LH:13
BRDA:28,0,0,0
BRDA:28,0,1,0
BRDA:33,1,0,0
BRDA:33,1,1,0
BRDA:46,2,0,0
BRDA:46,2,1,0
BRDA:52,3,0,0
BRDA:52,3,1,0
BRDA:64,4,0,0
BRDA:64,4,1,646
BRDA:65,5,0,0
BRDA:65,5,1,646
BRDA:72,6,0,0
BRDA:72,6,1,646
BRF:14
BRH:3
end_of_record
TN:
SF:src/context/Auth.tsx
FN:16,AuthProvider
FN:29,(anonymous_1)
FN:43,(anonymous_2)
FN:57,(anonymous_3)
FN:70,useAuth
FNF:5
FNH:5
FNDA:50,AuthProvider
FNDA:5,(anonymous_1)
FNDA:2,(anonymous_2)
FNDA:126,(anonymous_3)
FNDA:1512,useAuth
DA:11,18
DA:17,50
DA:18,50
DA:19,50
DA:20,50
DA:22,50
DA:29,50
DA:30,5
DA:31,5
DA:32,5
DA:33,5
DA:35,5
DA:43,50
DA:44,2
DA:45,2
DA:46,2
DA:47,2
DA:49,2
DA:57,50
DA:58,126
DA:61,50
DA:71,1512
LF:22
LH:22
BRDA:23,0,0,50
BRDA:23,0,1,40
BRDA:24,1,0,50
BRDA:24,1,1,18
BRDA:25,2,0,50
BRDA:25,2,1,18
BRDA:26,3,0,50
BRDA:26,3,1,40
BRF:8
BRH:8
end_of_record
TN:
SF:src/pages/CreatePost.tsx
FN:25,(anonymous_0)
FN:30,(anonymous_1)
FN:53,(anonymous_2)
FNF:3
FNH:3
FNDA:12,(anonymous_0)
FNDA:2,(anonymous_1)
FNDA:2,(anonymous_2)
DA:11,18
DA:25,18
DA:26,12
DA:27,12
DA:28,12
DA:30,12
DA:31,2
DA:32,2
DA:33,2
DA:34,2
DA:35,2
DA:37,0
DA:38,0
DA:39,0
DA:43,12
DA:48,12
DA:53,2
LF:17
LH:14
BRDA:84,0,0,12
BRDA:84,0,1,0
BRF:2
BRH:1
end_of_record
TN:
SF:src/pages/Home.tsx
FN:8,(anonymous_0)
FN:11,(anonymous_1)
FN:12,(anonymous_2)
FN:20,(anonymous_3)
FN:21,(anonymous_4)
FN:42,(anonymous_5)
FNF:6
FNH:6
FNDA:109,(anonymous_0)
FNDA:28,(anonymous_1)
FNDA:28,(anonymous_2)
FNDA:1,(anonymous_3)
FNDA:12,(anonymous_4)
FNDA:572,(anonymous_5)
DA:8,18
DA:9,109
DA:11,106
DA:12,28
DA:13,28
DA:14,25
DA:17,28
DA:20,106
DA:21,12
DA:22,1
DA:25,106
DA:43,572
LF:12
LH:12
BRF:0
BRH:0
end_of_record
TN:
SF:src/pages/Login.tsx
FN:22,(anonymous_0)
FN:32,(anonymous_1)
FN:52,(anonymous_2)
FNF:3
FNH:3
FNDA:16,(anonymous_0)
FNDA:2,(anonymous_1)
FNDA:2,(anonymous_2)
DA:17,18
DA:22,18
DA:23,16
DA:24,16
DA:25,16
DA:26,16
DA:28,16
DA:32,16
DA:33,2
DA:34,2
DA:35,2
DA:36,2
DA:37,2
DA:38,2
DA:40,0
DA:41,0
DA:42,0
DA:46,16
DA:52,2
LF:19
LH:16
BRDA:82,0,0,16
BRDA:82,0,1,0
BRF:2
BRH:1
end_of_record
TN:
SF:src/pages/Post.tsx
FN:11,(anonymous_0)
FN:17,(anonymous_1)
FN:27,(anonymous_2)
FNF:3
FNH:3
FNDA:46,(anonymous_0)
FNDA:14,(anonymous_1)
FNDA:8,(anonymous_2)
DA:11,18
DA:12,46
DA:13,46
DA:14,46
DA:15,46
DA:17,46
DA:18,14
DA:19,14
DA:20,13
DA:22,0
DA:23,0
DA:27,46
DA:28,8
DA:31,46
LF:14
LH:12
BRDA:33,0,0,46
BRDA:33,0,1,30
BRDA:34,1,0,46
BRDA:34,1,1,0
BRDA:35,2,0,30
BRDA:35,2,1,16
BRDA:35,3,0,46
BRDA:35,3,1,46
BRDA:56,4,0,46
BRDA:56,4,1,30
BRF:10
BRH:9
end_of_record
TN:
SF:src/pages/Profile.tsx
FN:5,(anonymous_0)
FNF:1
FNH:1
FNDA:6,(anonymous_0)
DA:5,18
DA:6,6
DA:8,6
LF:3
LH:3
BRF:0
BRH:0
end_of_record
TN:
SF:src/pages/Signup.tsx
FN:28,(anonymous_0)
FN:34,(anonymous_1)
FN:59,(anonymous_2)
FNF:3
FNH:3
FNDA:24,(anonymous_0)
FNDA:3,(anonymous_1)
FNDA:3,(anonymous_2)
DA:12,18
DA:28,18
DA:29,24
DA:30,24
DA:31,24
DA:32,24
DA:34,24
DA:35,3
DA:36,3
DA:37,3
DA:38,3
DA:39,3
DA:40,3
DA:42,0
DA:43,0
DA:44,0
DA:48,24
DA:53,24
DA:59,3
LF:19
LH:16
BRDA:95,0,0,24
BRDA:95,0,1,0
BRF:2
BRH:1
end_of_record
TN:
SF:src/ui/Flex.tsx
FN:11,(anonymous_0)
FNF:1
FNH:1
FNDA:752,(anonymous_0)
DA:11,18
DA:12,752
LF:2
LH:2
BRF:0
BRH:0
end_of_record
TN:
SF:src/ui/SubmitButton.tsx
FN:9,(anonymous_0)
FNF:1
FNH:1
FNDA:58,(anonymous_0)
DA:9,18
DA:15,58
LF:2
LH:2
BRDA:11,0,0,12
BRDA:12,1,0,12
BRF:2
BRH:2
end_of_record
TN:
SF:src/ui/TextArea.tsx
FN:7,(anonymous_0)
FNF:1
FNH:1
FNDA:410,(anonymous_0)
DA:7,18
DA:8,410
DA:9,410
LF:3
LH:3
BRDA:7,0,0,252
BRDA:11,1,0,410
BRDA:11,1,1,282
BRDA:19,2,0,0
BRDA:19,2,1,410
BRDA:19,3,0,410
BRDA:19,3,1,68
BRF:7
BRH:6
end_of_record
TN:
SF:src/ui/TextInput.tsx
FN:8,(anonymous_0)
FNF:1
FNH:1
FNDA:2634,(anonymous_0)
DA:8,18
DA:9,2634
DA:10,2634
LF:3
LH:3
BRDA:8,0,0,256
BRDA:8,1,0,2634
BRDA:12,2,0,2634
BRDA:12,2,1,2506
BRDA:18,3,0,0
BRDA:18,3,1,2634
BRDA:18,4,0,2634
BRDA:18,4,1,888
BRF:8
BRH:7
end_of_record
