{
  "/Users/neilgebhard/mern-reddit/frontend/src/context/Auth.tsx": {
    "path": "/Users/neilgebhard/mern-reddit/frontend/src/context/Auth.tsx",
    "statementMap": {
      "0": {
        "start": {
          "line": 11,
          "column": 20
        },
        "end": {
          "line": 11,
          "column": 73
        }
      },
      "1": {
        "start": {
          "line": 17,
          "column": 14
        },
        "end": {
          "line": 17,
          "column": 41
        }
      },
      "2": {
        "start": {
          "line": 18,
          "column": 19
        },
        "end": {
          "line": 18,
          "column": 51
        }
      },
      "3": {
        "start": {
          "line": 19,
          "column": 16
        },
        "end": {
          "line": 19,
          "column": 45
        }
      },
      "4": {
        "start": {
          "line": 20,
          "column": 18
        },
        "end": {
          "line": 20,
          "column": 51
        }
      },
      "5": {
        "start": {
          "line": 22,
          "column": 26
        },
        "end": {
          "line": 27,
          "column": 4
        }
      },
      "6": {
        "start": {
          "line": 29,
          "column": 23
        },
        "end": {
          "line": 41,
          "column": 3
        }
      },
      "7": {
        "start": {
          "line": 30,
          "column": 4
        },
        "end": {
          "line": 30,
          "column": 37
        }
      },
      "8": {
        "start": {
          "line": 31,
          "column": 4
        },
        "end": {
          "line": 31,
          "column": 47
        }
      },
      "9": {
        "start": {
          "line": 32,
          "column": 4
        },
        "end": {
          "line": 32,
          "column": 41
        }
      },
      "10": {
        "start": {
          "line": 33,
          "column": 4
        },
        "end": {
          "line": 33,
          "column": 56
        }
      },
      "11": {
        "start": {
          "line": 35,
          "column": 4
        },
        "end": {
          "line": 40,
          "column": 7
        }
      },
      "12": {
        "start": {
          "line": 43,
          "column": 17
        },
        "end": {
          "line": 55,
          "column": 3
        }
      },
      "13": {
        "start": {
          "line": 44,
          "column": 4
        },
        "end": {
          "line": 44,
          "column": 35
        }
      },
      "14": {
        "start": {
          "line": 45,
          "column": 4
        },
        "end": {
          "line": 45,
          "column": 40
        }
      },
      "15": {
        "start": {
          "line": 46,
          "column": 4
        },
        "end": {
          "line": 46,
          "column": 37
        }
      },
      "16": {
        "start": {
          "line": 47,
          "column": 4
        },
        "end": {
          "line": 47,
          "column": 39
        }
      },
      "17": {
        "start": {
          "line": 49,
          "column": 4
        },
        "end": {
          "line": 54,
          "column": 7
        }
      },
      "18": {
        "start": {
          "line": 57,
          "column": 26
        },
        "end": {
          "line": 59,
          "column": 3
        }
      },
      "19": {
        "start": {
          "line": 58,
          "column": 4
        },
        "end": {
          "line": 58,
          "column": 27
        }
      },
      "20": {
        "start": {
          "line": 61,
          "column": 2
        },
        "end": {
          "line": 67,
          "column": 4
        }
      },
      "21": {
        "start": {
          "line": 71,
          "column": 2
        },
        "end": {
          "line": 71,
          "column": 33
        }
      }
    },
    "fnMap": {
      "0": {
        "name": "AuthProvider",
        "decl": {
          "start": {
            "line": 16,
            "column": 9
          },
          "end": {
            "line": 16,
            "column": 21
          }
        },
        "loc": {
          "start": {
            "line": 16,
            "column": 46
          },
          "end": {
            "line": 68,
            "column": 1
          }
        },
        "line": 16
      },
      "1": {
        "name": "(anonymous_1)",
        "decl": {
          "start": {
            "line": 29,
            "column": 23
          },
          "end": {
            "line": 29,
            "column": 24
          }
        },
        "loc": {
          "start": {
            "line": 29,
            "column": 68
          },
          "end": {
            "line": 41,
            "column": 3
          }
        },
        "line": 29
      },
      "2": {
        "name": "(anonymous_2)",
        "decl": {
          "start": {
            "line": 43,
            "column": 17
          },
          "end": {
            "line": 43,
            "column": 18
          }
        },
        "loc": {
          "start": {
            "line": 43,
            "column": 23
          },
          "end": {
            "line": 55,
            "column": 3
          }
        },
        "line": 43
      },
      "3": {
        "name": "(anonymous_3)",
        "decl": {
          "start": {
            "line": 57,
            "column": 26
          },
          "end": {
            "line": 57,
            "column": 27
          }
        },
        "loc": {
          "start": {
            "line": 57,
            "column": 32
          },
          "end": {
            "line": 59,
            "column": 3
          }
        },
        "line": 57
      },
      "4": {
        "name": "useAuth",
        "decl": {
          "start": {
            "line": 70,
            "column": 9
          },
          "end": {
            "line": 70,
            "column": 16
          }
        },
        "loc": {
          "start": {
            "line": 70,
            "column": 19
          },
          "end": {
            "line": 72,
            "column": 1
          }
        },
        "line": 70
      }
    },
    "branchMap": {
      "0": {
        "loc": {
          "start": {
            "line": 23,
            "column": 9
          },
          "end": {
            "line": 23,
            "column": 18
          }
        },
        "type": "binary-expr",
        "locations": [
          {
            "start": {
              "line": 23,
              "column": 9
            },
            "end": {
              "line": 23,
              "column": 12
            }
          },
          {
            "start": {
              "line": 23,
              "column": 16
            },
            "end": {
              "line": 23,
              "column": 18
            }
          }
        ],
        "line": 23
      },
      "1": {
        "loc": {
          "start": {
            "line": 24,
            "column": 14
          },
          "end": {
            "line": 24,
            "column": 28
          }
        },
        "type": "binary-expr",
        "locations": [
          {
            "start": {
              "line": 24,
              "column": 14
            },
            "end": {
              "line": 24,
              "column": 22
            }
          },
          {
            "start": {
              "line": 24,
              "column": 26
            },
            "end": {
              "line": 24,
              "column": 28
            }
          }
        ],
        "line": 24
      },
      "2": {
        "loc": {
          "start": {
            "line": 25,
            "column": 11
          },
          "end": {
            "line": 25,
            "column": 22
          }
        },
        "type": "binary-expr",
        "locations": [
          {
            "start": {
              "line": 25,
              "column": 11
            },
            "end": {
              "line": 25,
              "column": 16
            }
          },
          {
            "start": {
              "line": 25,
              "column": 20
            },
            "end": {
              "line": 25,
              "column": 22
            }
          }
        ],
        "line": 25
      },
      "3": {
        "loc": {
          "start": {
            "line": 26,
            "column": 13
          },
          "end": {
            "line": 26,
            "column": 29
          }
        },
        "type": "binary-expr",
        "locations": [
          {
            "start": {
              "line": 26,
              "column": 13
            },
            "end": {
              "line": 26,
              "column": 20
            }
          },
          {
            "start": {
              "line": 26,
              "column": 24
            },
            "end": {
              "line": 26,
              "column": 29
            }
          }
        ],
        "line": 26
      }
    },
    "s": {
      "0": 18,
      "1": 50,
      "2": 50,
      "3": 50,
      "4": 50,
      "5": 50,
      "6": 50,
      "7": 5,
      "8": 5,
      "9": 5,
      "10": 5,
      "11": 5,
      "12": 50,
      "13": 2,
      "14": 2,
      "15": 2,
      "16": 2,
      "17": 2,
      "18": 50,
      "19": 126,
      "20": 50,
      "21": 1512
    },
    "f": {
      "0": 50,
      "1": 5,
      "2": 2,
      "3": 126,
      "4": 1512
    },
    "b": {
      "0": [
        50,
        40
      ],
      "1": [
        50,
        18
      ],
      "2": [
        50,
        18
      ],
      "3": [
        50,
        40
      ]
    },
    "_coverageSchema": "1a1c01bbd47fc00a2c39e90264f33305004495a9",
    "hash": "a527922a72b9c59eeb0db92402926e41888237d7"
  },
  "/Users/neilgebhard/mern-reddit/frontend/src/ui/Flex.tsx": {
    "path": "/Users/neilgebhard/mern-reddit/frontend/src/ui/Flex.tsx",
    "statementMap": {
      "0": {
        "start": {
          "line": 11,
          "column": 13
        },
        "end": {
          "line": 20,
          "column": 1
        }
      },
      "1": {
        "start": {
          "line": 12,
          "column": 2
        },
        "end": {
          "line": 19,
          "column": 4
        }
      }
    },
    "fnMap": {
      "0": {
        "name": "(anonymous_0)",
        "decl": {
          "start": {
            "line": 11,
            "column": 13
          },
          "end": {
            "line": 11,
            "column": 14
          }
        },
        "loc": {
          "start": {
            "line": 11,
            "column": 61
          },
          "end": {
            "line": 20,
            "column": 1
          }
        },
        "line": 11
      }
    },
    "branchMap": {},
    "s": {
      "0": 18,
      "1": 752
    },
    "f": {
      "0": 752
    },
    "b": {},
    "_coverageSchema": "1a1c01bbd47fc00a2c39e90264f33305004495a9",
    "hash": "c7a9d6a753749bcedce68f0a0e4526bd29e6ae89"
  },
  "/Users/neilgebhard/mern-reddit/frontend/src/components/Navbar.tsx": {
    "path": "/Users/neilgebhard/mern-reddit/frontend/src/components/Navbar.tsx",
    "statementMap": {
      "0": {
        "start": {
          "line": 15,
          "column": 2
        },
        "end": {
          "line": 15,
          "column": 43
        }
      },
      "1": {
        "start": {
          "line": 18,
          "column": 15
        },
        "end": {
          "line": 127,
          "column": 1
        }
      },
      "2": {
        "start": {
          "line": 19,
          "column": 18
        },
        "end": {
          "line": 19,
          "column": 30
        }
      },
      "3": {
        "start": {
          "line": 20,
          "column": 22
        },
        "end": {
          "line": 20,
          "column": 31
        }
      },
      "4": {
        "start": {
          "line": 21,
          "column": 26
        },
        "end": {
          "line": 21,
          "column": 55
        }
      },
      "5": {
        "start": {
          "line": 22,
          "column": 23
        },
        "end": {
          "line": 22,
          "column": 39
        }
      },
      "6": {
        "start": {
          "line": 24,
          "column": 23
        },
        "end": {
          "line": 33,
          "column": 3
        }
      },
      "7": {
        "start": {
          "line": 25,
          "column": 4
        },
        "end": {
          "line": 32,
          "column": 5
        }
      },
      "8": {
        "start": {
          "line": 26,
          "column": 6
        },
        "end": {
          "line": 26,
          "column": 38
        }
      },
      "9": {
        "start": {
          "line": 27,
          "column": 6
        },
        "end": {
          "line": 27,
          "column": 27
        }
      },
      "10": {
        "start": {
          "line": 28,
          "column": 6
        },
        "end": {
          "line": 28,
          "column": 24
        }
      },
      "11": {
        "start": {
          "line": 30,
          "column": 23
        },
        "end": {
          "line": 30,
          "column": 33
        }
      },
      "12": {
        "start": {
          "line": 31,
          "column": 6
        },
        "end": {
          "line": 31,
          "column": 24
        }
      },
      "13": {
        "start": {
          "line": 35,
          "column": 2
        },
        "end": {
          "line": 126,
          "column": 4
        }
      },
      "14": {
        "start": {
          "line": 70,
          "column": 22
        },
        "end": {
          "line": 79,
          "column": 29
        }
      },
      "15": {
        "start": {
          "line": 85,
          "column": 22
        },
        "end": {
          "line": 95,
          "column": 26
        }
      }
    },
    "fnMap": {
      "0": {
        "name": "classNames",
        "decl": {
          "start": {
            "line": 14,
            "column": 9
          },
          "end": {
            "line": 14,
            "column": 19
          }
        },
        "loc": {
          "start": {
            "line": 14,
            "column": 42
          },
          "end": {
            "line": 16,
            "column": 1
          }
        },
        "line": 14
      },
      "1": {
        "name": "(anonymous_1)",
        "decl": {
          "start": {
            "line": 18,
            "column": 15
          },
          "end": {
            "line": 18,
            "column": 16
          }
        },
        "loc": {
          "start": {
            "line": 18,
            "column": 21
          },
          "end": {
            "line": 127,
            "column": 1
          }
        },
        "line": 18
      },
      "2": {
        "name": "(anonymous_2)",
        "decl": {
          "start": {
            "line": 24,
            "column": 23
          },
          "end": {
            "line": 24,
            "column": 24
          }
        },
        "loc": {
          "start": {
            "line": 24,
            "column": 35
          },
          "end": {
            "line": 33,
            "column": 3
          }
        },
        "line": 24
      },
      "3": {
        "name": "(anonymous_3)",
        "decl": {
          "start": {
            "line": 69,
            "column": 21
          },
          "end": {
            "line": 69,
            "column": 22
          }
        },
        "loc": {
          "start": {
            "line": 70,
            "column": 22
          },
          "end": {
            "line": 79,
            "column": 29
          }
        },
        "line": 70
      },
      "4": {
        "name": "(anonymous_4)",
        "decl": {
          "start": {
            "line": 83,
            "column": 21
          },
          "end": {
            "line": 83,
            "column": 22
          }
        },
        "loc": {
          "start": {
            "line": 85,
            "column": 22
          },
          "end": {
            "line": 95,
            "column": 26
          }
        },
        "line": 85
      }
    },
    "branchMap": {
      "0": {
        "loc": {
          "start": {
            "line": 47,
            "column": 11
          },
          "end": {
            "line": 122,
            "column": 11
          }
        },
        "type": "cond-expr",
        "locations": [
          {
            "start": {
              "line": 48,
              "column": 12
            },
            "end": {
              "line": 100,
              "column": 19
            }
          },
          {
            "start": {
              "line": 102,
              "column": 12
            },
            "end": {
              "line": 121,
              "column": 15
            }
          }
        ],
        "line": 47
      },
      "1": {
        "loc": {
          "start": {
            "line": 74,
            "column": 26
          },
          "end": {
            "line": 74,
            "column": 53
          }
        },
        "type": "cond-expr",
        "locations": [
          {
            "start": {
              "line": 74,
              "column": 35
            },
            "end": {
              "line": 74,
              "column": 48
            }
          },
          {
            "start": {
              "line": 74,
              "column": 51
            },
            "end": {
              "line": 74,
              "column": 53
            }
          }
        ],
        "line": 74
      },
      "2": {
        "loc": {
          "start": {
            "line": 90,
            "column": 26
          },
          "end": {
            "line": 90,
            "column": 53
          }
        },
        "type": "cond-expr",
        "locations": [
          {
            "start": {
              "line": 90,
              "column": 35
            },
            "end": {
              "line": 90,
              "column": 48
            }
          },
          {
            "start": {
              "line": 90,
              "column": 51
            },
            "end": {
              "line": 90,
              "column": 53
            }
          }
        ],
        "line": 90
      }
    },
    "s": {
      "0": 80,
      "1": 18,
      "2": 50,
      "3": 50,
      "4": 50,
      "5": 50,
      "6": 50,
      "7": 2,
      "8": 2,
      "9": 2,
      "10": 2,
      "11": 0,
      "12": 0,
      "13": 50,
      "14": 40,
      "15": 40
    },
    "f": {
      "0": 80,
      "1": 50,
      "2": 2,
      "3": 40,
      "4": 40
    },
    "b": {
      "0": [
        32,
        18
      ],
      "1": [
        6,
        34
      ],
      "2": [
        4,
        36
      ]
    },
    "_coverageSchema": "1a1c01bbd47fc00a2c39e90264f33305004495a9",
    "hash": "1c92e95566f2397bf679f55c97ee0670a9651ec2"
  },
  "/Users/neilgebhard/mern-reddit/frontend/src/components/Error.tsx": {
    "path": "/Users/neilgebhard/mern-reddit/frontend/src/components/Error.tsx",
    "statementMap": {
      "0": {
        "start": {
          "line": 5,
          "column": 14
        },
        "end": {
          "line": 7,
          "column": 1
        }
      },
      "1": {
        "start": {
          "line": 6,
          "column": 2
        },
        "end": {
          "line": 6,
          "column": 53
        }
      }
    },
    "fnMap": {
      "0": {
        "name": "(anonymous_0)",
        "decl": {
          "start": {
            "line": 5,
            "column": 14
          },
          "end": {
            "line": 5,
            "column": 15
          }
        },
        "loc": {
          "start": {
            "line": 5,
            "column": 39
          },
          "end": {
            "line": 7,
            "column": 1
          }
        },
        "line": 5
      }
    },
    "branchMap": {},
    "s": {
      "0": 18,
      "1": 0
    },
    "f": {
      "0": 0
    },
    "b": {},
    "_coverageSchema": "1a1c01bbd47fc00a2c39e90264f33305004495a9",
    "hash": "83684bffc252c9779dcb1fa139cdc9127877a8a3"
  },
  "/Users/neilgebhard/mern-reddit/frontend/src/ui/TextInput.tsx": {
    "path": "/Users/neilgebhard/mern-reddit/frontend/src/ui/TextInput.tsx",
    "statementMap": {
      "0": {
        "start": {
          "line": 8,
          "column": 18
        },
        "end": {
          "line": 21,
          "column": 1
        }
      },
      "1": {
        "start": {
          "line": 9,
          "column": 24
        },
        "end": {
          "line": 9,
          "column": 39
        }
      },
      "2": {
        "start": {
          "line": 10,
          "column": 2
        },
        "end": {
          "line": 20,
          "column": 4
        }
      }
    },
    "fnMap": {
      "0": {
        "name": "(anonymous_0)",
        "decl": {
          "start": {
            "line": 8,
            "column": 18
          },
          "end": {
            "line": 8,
            "column": 19
          }
        },
        "loc": {
          "start": {
            "line": 8,
            "column": 74
          },
          "end": {
            "line": 21,
            "column": 1
          }
        },
        "line": 8
      }
    },
    "branchMap": {
      "0": {
        "loc": {
          "start": {
            "line": 8,
            "column": 21
          },
          "end": {
            "line": 8,
            "column": 31
          }
        },
        "type": "default-arg",
        "locations": [
          {
            "start": {
              "line": 8,
              "column": 29
            },
            "end": {
              "line": 8,
              "column": 31
            }
          }
        ],
        "line": 8
      },
      "1": {
        "loc": {
          "start": {
            "line": 8,
            "column": 33
          },
          "end": {
            "line": 8,
            "column": 47
          }
        },
        "type": "default-arg",
        "locations": [
          {
            "start": {
              "line": 8,
              "column": 45
            },
            "end": {
              "line": 8,
              "column": 47
            }
          }
        ],
        "line": 8
      },
      "2": {
        "loc": {
          "start": {
            "line": 12,
            "column": 22
          },
          "end": {
            "line": 12,
            "column": 44
          }
        },
        "type": "binary-expr",
        "locations": [
          {
            "start": {
              "line": 12,
              "column": 22
            },
            "end": {
              "line": 12,
              "column": 30
            }
          },
          {
            "start": {
              "line": 12,
              "column": 34
            },
            "end": {
              "line": 12,
              "column": 44
            }
          }
        ],
        "line": 12
      },
      "3": {
        "loc": {
          "start": {
            "line": 18,
            "column": 7
          },
          "end": {
            "line": 18,
            "column": 71
          }
        },
        "type": "cond-expr",
        "locations": [
          {
            "start": {
              "line": 18,
              "column": 36
            },
            "end": {
              "line": 18,
              "column": 64
            }
          },
          {
            "start": {
              "line": 18,
              "column": 67
            },
            "end": {
              "line": 18,
              "column": 71
            }
          }
        ],
        "line": 18
      },
      "4": {
        "loc": {
          "start": {
            "line": 18,
            "column": 7
          },
          "end": {
            "line": 18,
            "column": 33
          }
        },
        "type": "binary-expr",
        "locations": [
          {
            "start": {
              "line": 18,
              "column": 7
            },
            "end": {
              "line": 18,
              "column": 19
            }
          },
          {
            "start": {
              "line": 18,
              "column": 23
            },
            "end": {
              "line": 18,
              "column": 33
            }
          }
        ],
        "line": 18
      }
    },
    "s": {
      "0": 18,
      "1": 2634,
      "2": 2634
    },
    "f": {
      "0": 2634
    },
    "b": {
      "0": [
        256
      ],
      "1": [
        2634
      ],
      "2": [
        2634,
        2506
      ],
      "3": [
        0,
        2634
      ],
      "4": [
        2634,
        888
      ]
    },
    "_coverageSchema": "1a1c01bbd47fc00a2c39e90264f33305004495a9",
    "hash": "2a13582f790f45a93bc2d08b00a8b244f7004906"
  },
  "/Users/neilgebhard/mern-reddit/frontend/src/pages/Login.tsx": {
    "path": "/Users/neilgebhard/mern-reddit/frontend/src/pages/Login.tsx",
    "statementMap": {
      "0": {
        "start": {
          "line": 17,
          "column": 20
        },
        "end": {
          "line": 20,
          "column": 2
        }
      },
      "1": {
        "start": {
          "line": 22,
          "column": 14
        },
        "end": {
          "line": 98,
          "column": 1
        }
      },
      "2": {
        "start": {
          "line": 23,
          "column": 22
        },
        "end": {
          "line": 23,
          "column": 31
        }
      },
      "3": {
        "start": {
          "line": 24,
          "column": 18
        },
        "end": {
          "line": 24,
          "column": 30
        }
      },
      "4": {
        "start": {
          "line": 25,
          "column": 32
        },
        "end": {
          "line": 25,
          "column": 47
        }
      },
      "5": {
        "start": {
          "line": 26,
          "column": 28
        },
        "end": {
          "line": 26,
          "column": 40
        }
      },
      "6": {
        "start": {
          "line": 28,
          "column": 36
        },
        "end": {
          "line": 31,
          "column": 3
        }
      },
      "7": {
        "start": {
          "line": 32,
          "column": 23
        },
        "end": {
          "line": 44,
          "column": 3
        }
      },
      "8": {
        "start": {
          "line": 33,
          "column": 4
        },
        "end": {
          "line": 43,
          "column": 5
        }
      },
      "9": {
        "start": {
          "line": 34,
          "column": 6
        },
        "end": {
          "line": 34,
          "column": 23
        }
      },
      "10": {
        "start": {
          "line": 35,
          "column": 6
        },
        "end": {
          "line": 35,
          "column": 19
        }
      },
      "11": {
        "start": {
          "line": 36,
          "column": 39
        },
        "end": {
          "line": 36,
          "column": 77
        }
      },
      "12": {
        "start": {
          "line": 37,
          "column": 6
        },
        "end": {
          "line": 37,
          "column": 37
        }
      },
      "13": {
        "start": {
          "line": 38,
          "column": 6
        },
        "end": {
          "line": 38,
          "column": 24
        }
      },
      "14": {
        "start": {
          "line": 40,
          "column": 6
        },
        "end": {
          "line": 40,
          "column": 24
        }
      },
      "15": {
        "start": {
          "line": 41,
          "column": 23
        },
        "end": {
          "line": 41,
          "column": 33
        }
      },
      "16": {
        "start": {
          "line": 42,
          "column": 6
        },
        "end": {
          "line": 42,
          "column": 29
        }
      },
      "17": {
        "start": {
          "line": 46,
          "column": 2
        },
        "end": {
          "line": 97,
          "column": 4
        }
      },
      "18": {
        "start": {
          "line": 52,
          "column": 32
        },
        "end": {
          "line": 52,
          "column": 52
        }
      }
    },
    "fnMap": {
      "0": {
        "name": "(anonymous_0)",
        "decl": {
          "start": {
            "line": 22,
            "column": 14
          },
          "end": {
            "line": 22,
            "column": 15
          }
        },
        "loc": {
          "start": {
            "line": 22,
            "column": 20
          },
          "end": {
            "line": 98,
            "column": 1
          }
        },
        "line": 22
      },
      "1": {
        "name": "(anonymous_1)",
        "decl": {
          "start": {
            "line": 32,
            "column": 23
          },
          "end": {
            "line": 32,
            "column": 24
          }
        },
        "loc": {
          "start": {
            "line": 32,
            "column": 53
          },
          "end": {
            "line": 44,
            "column": 3
          }
        },
        "line": 32
      },
      "2": {
        "name": "(anonymous_2)",
        "decl": {
          "start": {
            "line": 52,
            "column": 20
          },
          "end": {
            "line": 52,
            "column": 21
          }
        },
        "loc": {
          "start": {
            "line": 52,
            "column": 32
          },
          "end": {
            "line": 52,
            "column": 52
          }
        },
        "line": 52
      }
    },
    "branchMap": {
      "0": {
        "loc": {
          "start": {
            "line": 82,
            "column": 13
          },
          "end": {
            "line": 82,
            "column": 45
          }
        },
        "type": "binary-expr",
        "locations": [
          {
            "start": {
              "line": 82,
              "column": 13
            },
            "end": {
              "line": 82,
              "column": 18
            }
          },
          {
            "start": {
              "line": 82,
              "column": 22
            },
            "end": {
              "line": 82,
              "column": 45
            }
          }
        ],
        "line": 82
      }
    },
    "s": {
      "0": 18,
      "1": 18,
      "2": 16,
      "3": 16,
      "4": 16,
      "5": 16,
      "6": 16,
      "7": 16,
      "8": 2,
      "9": 2,
      "10": 2,
      "11": 2,
      "12": 2,
      "13": 2,
      "14": 0,
      "15": 0,
      "16": 0,
      "17": 16,
      "18": 2
    },
    "f": {
      "0": 16,
      "1": 2,
      "2": 2
    },
    "b": {
      "0": [
        16,
        0
      ]
    },
    "_coverageSchema": "1a1c01bbd47fc00a2c39e90264f33305004495a9",
    "hash": "c5d723dd3fa830fdeed8ae3cf60a1e5a347b397e"
  },
  "/Users/neilgebhard/mern-reddit/frontend/src/pages/Signup.tsx": {
    "path": "/Users/neilgebhard/mern-reddit/frontend/src/pages/Signup.tsx",
    "statementMap": {
      "0": {
        "start": {
          "line": 12,
          "column": 21
        },
        "end": {
          "line": 20,
          "column": 2
        }
      },
      "1": {
        "start": {
          "line": 28,
          "column": 15
        },
        "end": {
          "line": 111,
          "column": 1
        }
      },
      "2": {
        "start": {
          "line": 29,
          "column": 22
        },
        "end": {
          "line": 29,
          "column": 31
        }
      },
      "3": {
        "start": {
          "line": 30,
          "column": 18
        },
        "end": {
          "line": 30,
          "column": 30
        }
      },
      "4": {
        "start": {
          "line": 31,
          "column": 32
        },
        "end": {
          "line": 31,
          "column": 47
        }
      },
      "5": {
        "start": {
          "line": 32,
          "column": 28
        },
        "end": {
          "line": 32,
          "column": 40
        }
      },
      "6": {
        "start": {
          "line": 34,
          "column": 23
        },
        "end": {
          "line": 46,
          "column": 3
        }
      },
      "7": {
        "start": {
          "line": 35,
          "column": 4
        },
        "end": {
          "line": 45,
          "column": 5
        }
      },
      "8": {
        "start": {
          "line": 36,
          "column": 6
        },
        "end": {
          "line": 36,
          "column": 23
        }
      },
      "9": {
        "start": {
          "line": 37,
          "column": 6
        },
        "end": {
          "line": 37,
          "column": 19
        }
      },
      "10": {
        "start": {
          "line": 38,
          "column": 39
        },
        "end": {
          "line": 38,
          "column": 78
        }
      },
      "11": {
        "start": {
          "line": 39,
          "column": 6
        },
        "end": {
          "line": 39,
          "column": 37
        }
      },
      "12": {
        "start": {
          "line": 40,
          "column": 6
        },
        "end": {
          "line": 40,
          "column": 24
        }
      },
      "13": {
        "start": {
          "line": 42,
          "column": 6
        },
        "end": {
          "line": 42,
          "column": 24
        }
      },
      "14": {
        "start": {
          "line": 43,
          "column": 23
        },
        "end": {
          "line": 43,
          "column": 33
        }
      },
      "15": {
        "start": {
          "line": 44,
          "column": 6
        },
        "end": {
          "line": 44,
          "column": 29
        }
      },
      "16": {
        "start": {
          "line": 48,
          "column": 36
        },
        "end": {
          "line": 52,
          "column": 3
        }
      },
      "17": {
        "start": {
          "line": 53,
          "column": 2
        },
        "end": {
          "line": 110,
          "column": 4
        }
      },
      "18": {
        "start": {
          "line": 59,
          "column": 32
        },
        "end": {
          "line": 59,
          "column": 52
        }
      }
    },
    "fnMap": {
      "0": {
        "name": "(anonymous_0)",
        "decl": {
          "start": {
            "line": 28,
            "column": 15
          },
          "end": {
            "line": 28,
            "column": 16
          }
        },
        "loc": {
          "start": {
            "line": 28,
            "column": 21
          },
          "end": {
            "line": 111,
            "column": 1
          }
        },
        "line": 28
      },
      "1": {
        "name": "(anonymous_1)",
        "decl": {
          "start": {
            "line": 34,
            "column": 23
          },
          "end": {
            "line": 34,
            "column": 24
          }
        },
        "loc": {
          "start": {
            "line": 34,
            "column": 53
          },
          "end": {
            "line": 46,
            "column": 3
          }
        },
        "line": 34
      },
      "2": {
        "name": "(anonymous_2)",
        "decl": {
          "start": {
            "line": 59,
            "column": 20
          },
          "end": {
            "line": 59,
            "column": 21
          }
        },
        "loc": {
          "start": {
            "line": 59,
            "column": 32
          },
          "end": {
            "line": 59,
            "column": 52
          }
        },
        "line": 59
      }
    },
    "branchMap": {
      "0": {
        "loc": {
          "start": {
            "line": 95,
            "column": 13
          },
          "end": {
            "line": 95,
            "column": 45
          }
        },
        "type": "binary-expr",
        "locations": [
          {
            "start": {
              "line": 95,
              "column": 13
            },
            "end": {
              "line": 95,
              "column": 18
            }
          },
          {
            "start": {
              "line": 95,
              "column": 22
            },
            "end": {
              "line": 95,
              "column": 45
            }
          }
        ],
        "line": 95
      }
    },
    "s": {
      "0": 18,
      "1": 18,
      "2": 24,
      "3": 24,
      "4": 24,
      "5": 24,
      "6": 24,
      "7": 3,
      "8": 3,
      "9": 3,
      "10": 3,
      "11": 3,
      "12": 3,
      "13": 0,
      "14": 0,
      "15": 0,
      "16": 24,
      "17": 24,
      "18": 3
    },
    "f": {
      "0": 24,
      "1": 3,
      "2": 3
    },
    "b": {
      "0": [
        24,
        0
      ]
    },
    "_coverageSchema": "1a1c01bbd47fc00a2c39e90264f33305004495a9",
    "hash": "846f749bcb507897ad1c3145b017202c7b34442a"
  },
  "/Users/neilgebhard/mern-reddit/frontend/src/pages/Profile.tsx": {
    "path": "/Users/neilgebhard/mern-reddit/frontend/src/pages/Profile.tsx",
    "statementMap": {
      "0": {
        "start": {
          "line": 5,
          "column": 16
        },
        "end": {
          "line": 21,
          "column": 1
        }
      },
      "1": {
        "start": {
          "line": 6,
          "column": 30
        },
        "end": {
          "line": 6,
          "column": 44
        }
      },
      "2": {
        "start": {
          "line": 8,
          "column": 2
        },
        "end": {
          "line": 20,
          "column": 4
        }
      }
    },
    "fnMap": {
      "0": {
        "name": "(anonymous_0)",
        "decl": {
          "start": {
            "line": 5,
            "column": 16
          },
          "end": {
            "line": 5,
            "column": 17
          }
        },
        "loc": {
          "start": {
            "line": 5,
            "column": 22
          },
          "end": {
            "line": 21,
            "column": 1
          }
        },
        "line": 5
      }
    },
    "branchMap": {},
    "s": {
      "0": 18,
      "1": 6,
      "2": 6
    },
    "f": {
      "0": 6
    },
    "b": {},
    "_coverageSchema": "1a1c01bbd47fc00a2c39e90264f33305004495a9",
    "hash": "42f54077f59100990814c180930b9f23d739e965"
  },
  "/Users/neilgebhard/mern-reddit/frontend/src/components/CreatedAt.tsx": {
    "path": "/Users/neilgebhard/mern-reddit/frontend/src/components/CreatedAt.tsx",
    "statementMap": {
      "0": {
        "start": {
          "line": 7,
          "column": 18
        },
        "end": {
          "line": 11,
          "column": 1
        }
      },
      "1": {
        "start": {
          "line": 8,
          "column": 20
        },
        "end": {
          "line": 8,
          "column": 47
        }
      },
      "2": {
        "start": {
          "line": 10,
          "column": 2
        },
        "end": {
          "line": 10,
          "column": 68
        }
      }
    },
    "fnMap": {
      "0": {
        "name": "(anonymous_0)",
        "decl": {
          "start": {
            "line": 7,
            "column": 18
          },
          "end": {
            "line": 7,
            "column": 19
          }
        },
        "loc": {
          "start": {
            "line": 7,
            "column": 47
          },
          "end": {
            "line": 11,
            "column": 1
          }
        },
        "line": 7
      }
    },
    "branchMap": {},
    "s": {
      "0": 18,
      "1": 638,
      "2": 638
    },
    "f": {
      "0": 638
    },
    "b": {},
    "_coverageSchema": "1a1c01bbd47fc00a2c39e90264f33305004495a9",
    "hash": "415653c1c2fb6b675fd84059982b83d2aa897143"
  },
  "/Users/neilgebhard/mern-reddit/frontend/src/components/IfUser.tsx": {
    "path": "/Users/neilgebhard/mern-reddit/frontend/src/components/IfUser.tsx",
    "statementMap": {
      "0": {
        "start": {
          "line": 8,
          "column": 15
        },
        "end": {
          "line": 12,
          "column": 1
        }
      },
      "1": {
        "start": {
          "line": 9,
          "column": 19
        },
        "end": {
          "line": 9,
          "column": 28
        }
      },
      "2": {
        "start": {
          "line": 11,
          "column": 2
        },
        "end": {
          "line": 11,
          "column": 74
        }
      }
    },
    "fnMap": {
      "0": {
        "name": "(anonymous_0)",
        "decl": {
          "start": {
            "line": 8,
            "column": 15
          },
          "end": {
            "line": 8,
            "column": 16
          }
        },
        "loc": {
          "start": {
            "line": 8,
            "column": 53
          },
          "end": {
            "line": 12,
            "column": 1
          }
        },
        "line": 8
      }
    },
    "branchMap": {
      "0": {
        "loc": {
          "start": {
            "line": 11,
            "column": 12
          },
          "end": {
            "line": 11,
            "column": 69
          }
        },
        "type": "cond-expr",
        "locations": [
          {
            "start": {
              "line": 11,
              "column": 41
            },
            "end": {
              "line": 11,
              "column": 62
            }
          },
          {
            "start": {
              "line": 11,
              "column": 65
            },
            "end": {
              "line": 11,
              "column": 69
            }
          }
        ],
        "line": 11
      }
    },
    "s": {
      "0": 18,
      "1": 652,
      "2": 652
    },
    "f": {
      "0": 652
    },
    "b": {
      "0": [
        58,
        594
      ]
    },
    "_coverageSchema": "1a1c01bbd47fc00a2c39e90264f33305004495a9",
    "hash": "62eaaf4ce569beb3fa60637dea43cb131d8aca5f"
  },
  "/Users/neilgebhard/mern-reddit/frontend/src/components/Votes.tsx": {
    "path": "/Users/neilgebhard/mern-reddit/frontend/src/components/Votes.tsx",
    "statementMap": {
      "0": {
        "start": {
          "line": 14,
          "column": 14
        },
        "end": {
          "line": 78,
          "column": 1
        }
      },
      "1": {
        "start": {
          "line": 15,
          "column": 19
        },
        "end": {
          "line": 15,
          "column": 28
        }
      },
      "2": {
        "start": {
          "line": 16,
          "column": 28
        },
        "end": {
          "line": 18,
          "column": 3
        }
      },
      "3": {
        "start": {
          "line": 17,
          "column": 10
        },
        "end": {
          "line": 17,
          "column": 53
        }
      },
      "4": {
        "start": {
          "line": 20,
          "column": 34
        },
        "end": {
          "line": 22,
          "column": 3
        }
      },
      "5": {
        "start": {
          "line": 21,
          "column": 4
        },
        "end": {
          "line": 21,
          "column": 35
        }
      },
      "6": {
        "start": {
          "line": 23,
          "column": 38
        },
        "end": {
          "line": 25,
          "column": 3
        }
      },
      "7": {
        "start": {
          "line": 24,
          "column": 4
        },
        "end": {
          "line": 24,
          "column": 37
        }
      },
      "8": {
        "start": {
          "line": 27,
          "column": 23
        },
        "end": {
          "line": 43,
          "column": 3
        }
      },
      "9": {
        "start": {
          "line": 28,
          "column": 4
        },
        "end": {
          "line": 42,
          "column": 5
        }
      },
      "10": {
        "start": {
          "line": 29,
          "column": 6
        },
        "end": {
          "line": 29,
          "column": 37
        }
      },
      "11": {
        "start": {
          "line": 29,
          "column": 26
        },
        "end": {
          "line": 29,
          "column": 35
        }
      },
      "12": {
        "start": {
          "line": 30,
          "column": 6
        },
        "end": {
          "line": 30,
          "column": 24
        }
      },
      "13": {
        "start": {
          "line": 32,
          "column": 6
        },
        "end": {
          "line": 32,
          "column": 63
        }
      },
      "14": {
        "start": {
          "line": 33,
          "column": 11
        },
        "end": {
          "line": 42,
          "column": 5
        }
      },
      "15": {
        "start": {
          "line": 34,
          "column": 6
        },
        "end": {
          "line": 34,
          "column": 37
        }
      },
      "16": {
        "start": {
          "line": 34,
          "column": 26
        },
        "end": {
          "line": 34,
          "column": 35
        }
      },
      "17": {
        "start": {
          "line": 35,
          "column": 6
        },
        "end": {
          "line": 35,
          "column": 23
        }
      },
      "18": {
        "start": {
          "line": 36,
          "column": 6
        },
        "end": {
          "line": 36,
          "column": 26
        }
      },
      "19": {
        "start": {
          "line": 37,
          "column": 6
        },
        "end": {
          "line": 37,
          "column": 56
        }
      },
      "20": {
        "start": {
          "line": 39,
          "column": 6
        },
        "end": {
          "line": 39,
          "column": 37
        }
      },
      "21": {
        "start": {
          "line": 39,
          "column": 26
        },
        "end": {
          "line": 39,
          "column": 35
        }
      },
      "22": {
        "start": {
          "line": 40,
          "column": 6
        },
        "end": {
          "line": 40,
          "column": 23
        }
      },
      "23": {
        "start": {
          "line": 41,
          "column": 6
        },
        "end": {
          "line": 41,
          "column": 56
        }
      },
      "24": {
        "start": {
          "line": 45,
          "column": 25
        },
        "end": {
          "line": 62,
          "column": 3
        }
      },
      "25": {
        "start": {
          "line": 46,
          "column": 4
        },
        "end": {
          "line": 61,
          "column": 5
        }
      },
      "26": {
        "start": {
          "line": 47,
          "column": 6
        },
        "end": {
          "line": 47,
          "column": 37
        }
      },
      "27": {
        "start": {
          "line": 47,
          "column": 26
        },
        "end": {
          "line": 47,
          "column": 35
        }
      },
      "28": {
        "start": {
          "line": 48,
          "column": 6
        },
        "end": {
          "line": 48,
          "column": 26
        }
      },
      "29": {
        "start": {
          "line": 51,
          "column": 6
        },
        "end": {
          "line": 51,
          "column": 65
        }
      },
      "30": {
        "start": {
          "line": 52,
          "column": 11
        },
        "end": {
          "line": 61,
          "column": 5
        }
      },
      "31": {
        "start": {
          "line": 53,
          "column": 6
        },
        "end": {
          "line": 53,
          "column": 37
        }
      },
      "32": {
        "start": {
          "line": 53,
          "column": 26
        },
        "end": {
          "line": 53,
          "column": 35
        }
      },
      "33": {
        "start": {
          "line": 54,
          "column": 6
        },
        "end": {
          "line": 54,
          "column": 24
        }
      },
      "34": {
        "start": {
          "line": 55,
          "column": 6
        },
        "end": {
          "line": 55,
          "column": 25
        }
      },
      "35": {
        "start": {
          "line": 56,
          "column": 6
        },
        "end": {
          "line": 56,
          "column": 58
        }
      },
      "36": {
        "start": {
          "line": 58,
          "column": 6
        },
        "end": {
          "line": 58,
          "column": 37
        }
      },
      "37": {
        "start": {
          "line": 58,
          "column": 26
        },
        "end": {
          "line": 58,
          "column": 35
        }
      },
      "38": {
        "start": {
          "line": 59,
          "column": 6
        },
        "end": {
          "line": 59,
          "column": 25
        }
      },
      "39": {
        "start": {
          "line": 60,
          "column": 6
        },
        "end": {
          "line": 60,
          "column": 58
        }
      },
      "40": {
        "start": {
          "line": 64,
          "column": 23
        },
        "end": {
          "line": 64,
          "column": 66
        }
      },
      "41": {
        "start": {
          "line": 65,
          "column": 25
        },
        "end": {
          "line": 65,
          "column": 70
        }
      },
      "42": {
        "start": {
          "line": 67,
          "column": 2
        },
        "end": {
          "line": 77,
          "column": 4
        }
      }
    },
    "fnMap": {
      "0": {
        "name": "(anonymous_0)",
        "decl": {
          "start": {
            "line": 14,
            "column": 14
          },
          "end": {
            "line": 14,
            "column": 15
          }
        },
        "loc": {
          "start": {
            "line": 14,
            "column": 38
          },
          "end": {
            "line": 78,
            "column": 1
          }
        },
        "line": 14
      },
      "1": {
        "name": "(anonymous_1)",
        "decl": {
          "start": {
            "line": 17,
            "column": 4
          },
          "end": {
            "line": 17,
            "column": 5
          }
        },
        "loc": {
          "start": {
            "line": 17,
            "column": 10
          },
          "end": {
            "line": 17,
            "column": 53
          }
        },
        "line": 17
      },
      "2": {
        "name": "(anonymous_2)",
        "decl": {
          "start": {
            "line": 20,
            "column": 43
          },
          "end": {
            "line": 20,
            "column": 44
          }
        },
        "loc": {
          "start": {
            "line": 21,
            "column": 4
          },
          "end": {
            "line": 21,
            "column": 35
          }
        },
        "line": 21
      },
      "3": {
        "name": "(anonymous_3)",
        "decl": {
          "start": {
            "line": 23,
            "column": 47
          },
          "end": {
            "line": 23,
            "column": 48
          }
        },
        "loc": {
          "start": {
            "line": 24,
            "column": 4
          },
          "end": {
            "line": 24,
            "column": 37
          }
        },
        "line": 24
      },
      "4": {
        "name": "(anonymous_4)",
        "decl": {
          "start": {
            "line": 27,
            "column": 23
          },
          "end": {
            "line": 27,
            "column": 24
          }
        },
        "loc": {
          "start": {
            "line": 27,
            "column": 35
          },
          "end": {
            "line": 43,
            "column": 3
          }
        },
        "line": 27
      },
      "5": {
        "name": "(anonymous_5)",
        "decl": {
          "start": {
            "line": 29,
            "column": 15
          },
          "end": {
            "line": 29,
            "column": 16
          }
        },
        "loc": {
          "start": {
            "line": 29,
            "column": 26
          },
          "end": {
            "line": 29,
            "column": 35
          }
        },
        "line": 29
      },
      "6": {
        "name": "(anonymous_6)",
        "decl": {
          "start": {
            "line": 34,
            "column": 15
          },
          "end": {
            "line": 34,
            "column": 16
          }
        },
        "loc": {
          "start": {
            "line": 34,
            "column": 26
          },
          "end": {
            "line": 34,
            "column": 35
          }
        },
        "line": 34
      },
      "7": {
        "name": "(anonymous_7)",
        "decl": {
          "start": {
            "line": 39,
            "column": 15
          },
          "end": {
            "line": 39,
            "column": 16
          }
        },
        "loc": {
          "start": {
            "line": 39,
            "column": 26
          },
          "end": {
            "line": 39,
            "column": 35
          }
        },
        "line": 39
      },
      "8": {
        "name": "(anonymous_8)",
        "decl": {
          "start": {
            "line": 45,
            "column": 25
          },
          "end": {
            "line": 45,
            "column": 26
          }
        },
        "loc": {
          "start": {
            "line": 45,
            "column": 37
          },
          "end": {
            "line": 62,
            "column": 3
          }
        },
        "line": 45
      },
      "9": {
        "name": "(anonymous_9)",
        "decl": {
          "start": {
            "line": 47,
            "column": 15
          },
          "end": {
            "line": 47,
            "column": 16
          }
        },
        "loc": {
          "start": {
            "line": 47,
            "column": 26
          },
          "end": {
            "line": 47,
            "column": 35
          }
        },
        "line": 47
      },
      "10": {
        "name": "(anonymous_10)",
        "decl": {
          "start": {
            "line": 53,
            "column": 15
          },
          "end": {
            "line": 53,
            "column": 16
          }
        },
        "loc": {
          "start": {
            "line": 53,
            "column": 26
          },
          "end": {
            "line": 53,
            "column": 35
          }
        },
        "line": 53
      },
      "11": {
        "name": "(anonymous_11)",
        "decl": {
          "start": {
            "line": 58,
            "column": 15
          },
          "end": {
            "line": 58,
            "column": 16
          }
        },
        "loc": {
          "start": {
            "line": 58,
            "column": 26
          },
          "end": {
            "line": 58,
            "column": 35
          }
        },
        "line": 58
      }
    },
    "branchMap": {
      "0": {
        "loc": {
          "start": {
            "line": 28,
            "column": 4
          },
          "end": {
            "line": 42,
            "column": 5
          }
        },
        "type": "if",
        "locations": [
          {
            "start": {
              "line": 28,
              "column": 4
            },
            "end": {
              "line": 42,
              "column": 5
            }
          },
          {
            "start": {
              "line": 28,
              "column": 4
            },
            "end": {
              "line": 42,
              "column": 5
            }
          }
        ],
        "line": 28
      },
      "1": {
        "loc": {
          "start": {
            "line": 33,
            "column": 11
          },
          "end": {
            "line": 42,
            "column": 5
          }
        },
        "type": "if",
        "locations": [
          {
            "start": {
              "line": 33,
              "column": 11
            },
            "end": {
              "line": 42,
              "column": 5
            }
          },
          {
            "start": {
              "line": 33,
              "column": 11
            },
            "end": {
              "line": 42,
              "column": 5
            }
          }
        ],
        "line": 33
      },
      "2": {
        "loc": {
          "start": {
            "line": 46,
            "column": 4
          },
          "end": {
            "line": 61,
            "column": 5
          }
        },
        "type": "if",
        "locations": [
          {
            "start": {
              "line": 46,
              "column": 4
            },
            "end": {
              "line": 61,
              "column": 5
            }
          },
          {
            "start": {
              "line": 46,
              "column": 4
            },
            "end": {
              "line": 61,
              "column": 5
            }
          }
        ],
        "line": 46
      },
      "3": {
        "loc": {
          "start": {
            "line": 52,
            "column": 11
          },
          "end": {
            "line": 61,
            "column": 5
          }
        },
        "type": "if",
        "locations": [
          {
            "start": {
              "line": 52,
              "column": 11
            },
            "end": {
              "line": 61,
              "column": 5
            }
          },
          {
            "start": {
              "line": 52,
              "column": 11
            },
            "end": {
              "line": 61,
              "column": 5
            }
          }
        ],
        "line": 52
      },
      "4": {
        "loc": {
          "start": {
            "line": 64,
            "column": 23
          },
          "end": {
            "line": 64,
            "column": 66
          }
        },
        "type": "cond-expr",
        "locations": [
          {
            "start": {
              "line": 64,
              "column": 35
            },
            "end": {
              "line": 64,
              "column": 48
            }
          },
          {
            "start": {
              "line": 64,
              "column": 51
            },
            "end": {
              "line": 64,
              "column": 66
            }
          }
        ],
        "line": 64
      },
      "5": {
        "loc": {
          "start": {
            "line": 65,
            "column": 25
          },
          "end": {
            "line": 65,
            "column": 70
          }
        },
        "type": "cond-expr",
        "locations": [
          {
            "start": {
              "line": 65,
              "column": 39
            },
            "end": {
              "line": 65,
              "column": 52
            }
          },
          {
            "start": {
              "line": 65,
              "column": 55
            },
            "end": {
              "line": 65,
              "column": 70
            }
          }
        ],
        "line": 65
      },
      "6": {
        "loc": {
          "start": {
            "line": 72,
            "column": 44
          },
          "end": {
            "line": 72,
            "column": 65
          }
        },
        "type": "cond-expr",
        "locations": [
          {
            "start": {
              "line": 72,
              "column": 56
            },
            "end": {
              "line": 72,
              "column": 57
            }
          },
          {
            "start": {
              "line": 72,
              "column": 60
            },
            "end": {
              "line": 72,
              "column": 65
            }
          }
        ],
        "line": 72
      }
    },
    "s": {
      "0": 18,
      "1": 646,
      "2": 646,
      "3": 522,
      "4": 646,
      "5": 522,
      "6": 646,
      "7": 522,
      "8": 646,
      "9": 0,
      "10": 0,
      "11": 0,
      "12": 0,
      "13": 0,
      "14": 0,
      "15": 0,
      "16": 0,
      "17": 0,
      "18": 0,
      "19": 0,
      "20": 0,
      "21": 0,
      "22": 0,
      "23": 0,
      "24": 646,
      "25": 0,
      "26": 0,
      "27": 0,
      "28": 0,
      "29": 0,
      "30": 0,
      "31": 0,
      "32": 0,
      "33": 0,
      "34": 0,
      "35": 0,
      "36": 0,
      "37": 0,
      "38": 0,
      "39": 0,
      "40": 646,
      "41": 646,
      "42": 646
    },
    "f": {
      "0": 646,
      "1": 522,
      "2": 522,
      "3": 522,
      "4": 0,
      "5": 0,
      "6": 0,
      "7": 0,
      "8": 0,
      "9": 0,
      "10": 0,
      "11": 0
    },
    "b": {
      "0": [
        0,
        0
      ],
      "1": [
        0,
        0
      ],
      "2": [
        0,
        0
      ],
      "3": [
        0,
        0
      ],
      "4": [
        0,
        646
      ],
      "5": [
        0,
        646
      ],
      "6": [
        0,
        646
      ]
    },
    "_coverageSchema": "1a1c01bbd47fc00a2c39e90264f33305004495a9",
    "hash": "1bcdfad36e6ece08d2b0df4b4a46c8a36808d341"
  },
  "/Users/neilgebhard/mern-reddit/frontend/src/components/PostItem.tsx": {
    "path": "/Users/neilgebhard/mern-reddit/frontend/src/components/PostItem.tsx",
    "statementMap": {
      "0": {
        "start": {
          "line": 16,
          "column": 17
        },
        "end": {
          "line": 72,
          "column": 1
        }
      },
      "1": {
        "start": {
          "line": 17,
          "column": 23
        },
        "end": {
          "line": 20,
          "column": 3
        }
      },
      "2": {
        "start": {
          "line": 18,
          "column": 4
        },
        "end": {
          "line": 18,
          "column": 49
        }
      },
      "3": {
        "start": {
          "line": 19,
          "column": 4
        },
        "end": {
          "line": 19,
          "column": 41
        }
      },
      "4": {
        "start": {
          "line": 19,
          "column": 20
        },
        "end": {
          "line": 19,
          "column": 41
        }
      },
      "5": {
        "start": {
          "line": 22,
          "column": 24
        },
        "end": {
          "line": 24,
          "column": 7
        }
      },
      "6": {
        "start": {
          "line": 23,
          "column": 4
        },
        "end": {
          "line": 23,
          "column": 46
        }
      },
      "7": {
        "start": {
          "line": 26,
          "column": 2
        },
        "end": {
          "line": 71,
          "column": 4
        }
      }
    },
    "fnMap": {
      "0": {
        "name": "(anonymous_0)",
        "decl": {
          "start": {
            "line": 16,
            "column": 17
          },
          "end": {
            "line": 16,
            "column": 18
          }
        },
        "loc": {
          "start": {
            "line": 16,
            "column": 65
          },
          "end": {
            "line": 72,
            "column": 1
          }
        },
        "line": 16
      },
      "1": {
        "name": "(anonymous_1)",
        "decl": {
          "start": {
            "line": 17,
            "column": 23
          },
          "end": {
            "line": 17,
            "column": 24
          }
        },
        "loc": {
          "start": {
            "line": 17,
            "column": 35
          },
          "end": {
            "line": 20,
            "column": 3
          }
        },
        "line": 17
      },
      "2": {
        "name": "(anonymous_2)",
        "decl": {
          "start": {
            "line": 22,
            "column": 46
          },
          "end": {
            "line": 22,
            "column": 47
          }
        },
        "loc": {
          "start": {
            "line": 22,
            "column": 66
          },
          "end": {
            "line": 24,
            "column": 3
          }
        },
        "line": 22
      }
    },
    "branchMap": {
      "0": {
        "loc": {
          "start": {
            "line": 19,
            "column": 4
          },
          "end": {
            "line": 19,
            "column": 41
          }
        },
        "type": "if",
        "locations": [
          {
            "start": {
              "line": 19,
              "column": 4
            },
            "end": {
              "line": 19,
              "column": 41
            }
          },
          {
            "start": {
              "line": 19,
              "column": 4
            },
            "end": {
              "line": 19,
              "column": 41
            }
          }
        ],
        "line": 19
      },
      "1": {
        "loc": {
          "start": {
            "line": 37,
            "column": 11
          },
          "end": {
            "line": 41,
            "column": 11
          }
        },
        "type": "cond-expr",
        "locations": [
          {
            "start": {
              "line": 38,
              "column": 12
            },
            "end": {
              "line": 38,
              "column": 47
            }
          },
          {
            "start": {
              "line": 40,
              "column": 12
            },
            "end": {
              "line": 40,
              "column": 63
            }
          }
        ],
        "line": 37
      },
      "2": {
        "loc": {
          "start": {
            "line": 43,
            "column": 9
          },
          "end": {
            "line": 45,
            "column": 9
          }
        },
        "type": "binary-expr",
        "locations": [
          {
            "start": {
              "line": 43,
              "column": 9
            },
            "end": {
              "line": 43,
              "column": 19
            }
          },
          {
            "start": {
              "line": 43,
              "column": 23
            },
            "end": {
              "line": 43,
              "column": 32
            }
          },
          {
            "start": {
              "line": 44,
              "column": 10
            },
            "end": {
              "line": 44,
              "column": 70
            }
          }
        ],
        "line": 43
      },
      "3": {
        "loc": {
          "start": {
            "line": 55,
            "column": 11
          },
          "end": {
            "line": 67,
            "column": 11
          }
        },
        "type": "binary-expr",
        "locations": [
          {
            "start": {
              "line": 55,
              "column": 11
            },
            "end": {
              "line": 55,
              "column": 22
            }
          },
          {
            "start": {
              "line": 56,
              "column": 12
            },
            "end": {
              "line": 66,
              "column": 21
            }
          }
        ],
        "line": 55
      }
    },
    "s": {
      "0": 18,
      "1": 602,
      "2": 1,
      "3": 1,
      "4": 1,
      "5": 602,
      "6": 784,
      "7": 602
    },
    "f": {
      "0": 602,
      "1": 1,
      "2": 784
    },
    "b": {
      "0": [
        1,
        0
      ],
      "1": [
        0,
        602
      ],
      "2": [
        602,
        30,
        0
      ],
      "3": [
        602,
        572
      ]
    },
    "_coverageSchema": "1a1c01bbd47fc00a2c39e90264f33305004495a9",
    "hash": "e8bc3457af336aefd06ff09fe219c562a95b3fde"
  },
  "/Users/neilgebhard/mern-reddit/frontend/src/pages/Home.tsx": {
    "path": "/Users/neilgebhard/mern-reddit/frontend/src/pages/Home.tsx",
    "statementMap": {
      "0": {
        "start": {
          "line": 8,
          "column": 14
        },
        "end": {
          "line": 48,
          "column": 1
        }
      },
      "1": {
        "start": {
          "line": 9,
          "column": 28
        },
        "end": {
          "line": 9,
          "column": 52
        }
      },
      "2": {
        "start": {
          "line": 11,
          "column": 2
        },
        "end": {
          "line": 18,
          "column": 9
        }
      },
      "3": {
        "start": {
          "line": 12,
          "column": 23
        },
        "end": {
          "line": 15,
          "column": 5
        }
      },
      "4": {
        "start": {
          "line": 13,
          "column": 40
        },
        "end": {
          "line": 13,
          "column": 69
        }
      },
      "5": {
        "start": {
          "line": 14,
          "column": 6
        },
        "end": {
          "line": 14,
          "column": 25
        }
      },
      "6": {
        "start": {
          "line": 17,
          "column": 4
        },
        "end": {
          "line": 17,
          "column": 17
        }
      },
      "7": {
        "start": {
          "line": 20,
          "column": 21
        },
        "end": {
          "line": 23,
          "column": 3
        }
      },
      "8": {
        "start": {
          "line": 21,
          "column": 37
        },
        "end": {
          "line": 21,
          "column": 76
        }
      },
      "9": {
        "start": {
          "line": 21,
          "column": 60
        },
        "end": {
          "line": 21,
          "column": 75
        }
      },
      "10": {
        "start": {
          "line": 22,
          "column": 4
        },
        "end": {
          "line": 22,
          "column": 27
        }
      },
      "11": {
        "start": {
          "line": 25,
          "column": 2
        },
        "end": {
          "line": 47,
          "column": 4
        }
      },
      "12": {
        "start": {
          "line": 43,
          "column": 10
        },
        "end": {
          "line": 43,
          "column": 69
        }
      }
    },
    "fnMap": {
      "0": {
        "name": "(anonymous_0)",
        "decl": {
          "start": {
            "line": 8,
            "column": 14
          },
          "end": {
            "line": 8,
            "column": 15
          }
        },
        "loc": {
          "start": {
            "line": 8,
            "column": 20
          },
          "end": {
            "line": 48,
            "column": 1
          }
        },
        "line": 8
      },
      "1": {
        "name": "(anonymous_1)",
        "decl": {
          "start": {
            "line": 11,
            "column": 12
          },
          "end": {
            "line": 11,
            "column": 13
          }
        },
        "loc": {
          "start": {
            "line": 11,
            "column": 18
          },
          "end": {
            "line": 18,
            "column": 3
          }
        },
        "line": 11
      },
      "2": {
        "name": "(anonymous_2)",
        "decl": {
          "start": {
            "line": 12,
            "column": 23
          },
          "end": {
            "line": 12,
            "column": 24
          }
        },
        "loc": {
          "start": {
            "line": 12,
            "column": 35
          },
          "end": {
            "line": 15,
            "column": 5
          }
        },
        "line": 12
      },
      "3": {
        "name": "(anonymous_3)",
        "decl": {
          "start": {
            "line": 20,
            "column": 21
          },
          "end": {
            "line": 20,
            "column": 22
          }
        },
        "loc": {
          "start": {
            "line": 20,
            "column": 37
          },
          "end": {
            "line": 23,
            "column": 3
          }
        },
        "line": 20
      },
      "4": {
        "name": "(anonymous_4)",
        "decl": {
          "start": {
            "line": 21,
            "column": 50
          },
          "end": {
            "line": 21,
            "column": 51
          }
        },
        "loc": {
          "start": {
            "line": 21,
            "column": 60
          },
          "end": {
            "line": 21,
            "column": 75
          }
        },
        "line": 21
      },
      "5": {
        "name": "(anonymous_5)",
        "decl": {
          "start": {
            "line": 42,
            "column": 19
          },
          "end": {
            "line": 42,
            "column": 20
          }
        },
        "loc": {
          "start": {
            "line": 43,
            "column": 10
          },
          "end": {
            "line": 43,
            "column": 69
          }
        },
        "line": 43
      }
    },
    "branchMap": {},
    "s": {
      "0": 18,
      "1": 109,
      "2": 106,
      "3": 28,
      "4": 28,
      "5": 25,
      "6": 28,
      "7": 106,
      "8": 1,
      "9": 12,
      "10": 1,
      "11": 106,
      "12": 572
    },
    "f": {
      "0": 109,
      "1": 28,
      "2": 28,
      "3": 1,
      "4": 12,
      "5": 572
    },
    "b": {},
    "_coverageSchema": "1a1c01bbd47fc00a2c39e90264f33305004495a9",
    "hash": "9c102984dc70d57fe1b8209964813b469fdf33c9"
  },
  "/Users/neilgebhard/mern-reddit/frontend/src/ui/TextArea.tsx": {
    "path": "/Users/neilgebhard/mern-reddit/frontend/src/ui/TextArea.tsx",
    "statementMap": {
      "0": {
        "start": {
          "line": 7,
          "column": 17
        },
        "end": {
          "line": 24,
          "column": 1
        }
      },
      "1": {
        "start": {
          "line": 8,
          "column": 24
        },
        "end": {
          "line": 8,
          "column": 39
        }
      },
      "2": {
        "start": {
          "line": 9,
          "column": 2
        },
        "end": {
          "line": 23,
          "column": 4
        }
      }
    },
    "fnMap": {
      "0": {
        "name": "(anonymous_0)",
        "decl": {
          "start": {
            "line": 7,
            "column": 17
          },
          "end": {
            "line": 7,
            "column": 18
          }
        },
        "loc": {
          "start": {
            "line": 7,
            "column": 57
          },
          "end": {
            "line": 24,
            "column": 1
          }
        },
        "line": 7
      }
    },
    "branchMap": {
      "0": {
        "loc": {
          "start": {
            "line": 7,
            "column": 20
          },
          "end": {
            "line": 7,
            "column": 30
          }
        },
        "type": "default-arg",
        "locations": [
          {
            "start": {
              "line": 7,
              "column": 28
            },
            "end": {
              "line": 7,
              "column": 30
            }
          }
        ],
        "line": 7
      },
      "1": {
        "loc": {
          "start": {
            "line": 11,
            "column": 22
          },
          "end": {
            "line": 11,
            "column": 44
          }
        },
        "type": "binary-expr",
        "locations": [
          {
            "start": {
              "line": 11,
              "column": 22
            },
            "end": {
              "line": 11,
              "column": 30
            }
          },
          {
            "start": {
              "line": 11,
              "column": 34
            },
            "end": {
              "line": 11,
              "column": 44
            }
          }
        ],
        "line": 11
      },
      "2": {
        "loc": {
          "start": {
            "line": 19,
            "column": 7
          },
          "end": {
            "line": 21,
            "column": 14
          }
        },
        "type": "cond-expr",
        "locations": [
          {
            "start": {
              "line": 20,
              "column": 8
            },
            "end": {
              "line": 20,
              "column": 56
            }
          },
          {
            "start": {
              "line": 21,
              "column": 10
            },
            "end": {
              "line": 21,
              "column": 14
            }
          }
        ],
        "line": 19
      },
      "3": {
        "loc": {
          "start": {
            "line": 19,
            "column": 7
          },
          "end": {
            "line": 19,
            "column": 33
          }
        },
        "type": "binary-expr",
        "locations": [
          {
            "start": {
              "line": 19,
              "column": 7
            },
            "end": {
              "line": 19,
              "column": 19
            }
          },
          {
            "start": {
              "line": 19,
              "column": 23
            },
            "end": {
              "line": 19,
              "column": 33
            }
          }
        ],
        "line": 19
      }
    },
    "s": {
      "0": 18,
      "1": 410,
      "2": 410
    },
    "f": {
      "0": 410
    },
    "b": {
      "0": [
        252
      ],
      "1": [
        410,
        282
      ],
      "2": [
        0,
        410
      ],
      "3": [
        410,
        68
      ]
    },
    "_coverageSchema": "1a1c01bbd47fc00a2c39e90264f33305004495a9",
    "hash": "32e201289bd08fdee2fdbc23e61d532b3e9c6a41"
  },
  "/Users/neilgebhard/mern-reddit/frontend/src/ui/SubmitButton.tsx": {
    "path": "/Users/neilgebhard/mern-reddit/frontend/src/ui/SubmitButton.tsx",
    "statementMap": {
      "0": {
        "start": {
          "line": 9,
          "column": 21
        },
        "end": {
          "line": 25,
          "column": 1
        }
      },
      "1": {
        "start": {
          "line": 15,
          "column": 2
        },
        "end": {
          "line": 24,
          "column": 4
        }
      }
    },
    "fnMap": {
      "0": {
        "name": "(anonymous_0)",
        "decl": {
          "start": {
            "line": 9,
            "column": 21
          },
          "end": {
            "line": 9,
            "column": 22
          }
        },
        "loc": {
          "start": {
            "line": 14,
            "column": 16
          },
          "end": {
            "line": 25,
            "column": 1
          }
        },
        "line": 14
      }
    },
    "branchMap": {
      "0": {
        "loc": {
          "start": {
            "line": 11,
            "column": 2
          },
          "end": {
            "line": 11,
            "column": 17
          }
        },
        "type": "default-arg",
        "locations": [
          {
            "start": {
              "line": 11,
              "column": 12
            },
            "end": {
              "line": 11,
              "column": 17
            }
          }
        ],
        "line": 11
      },
      "1": {
        "loc": {
          "start": {
            "line": 12,
            "column": 2
          },
          "end": {
            "line": 12,
            "column": 16
          }
        },
        "type": "default-arg",
        "locations": [
          {
            "start": {
              "line": 12,
              "column": 14
            },
            "end": {
              "line": 12,
              "column": 16
            }
          }
        ],
        "line": 12
      }
    },
    "s": {
      "0": 18,
      "1": 58
    },
    "f": {
      "0": 58
    },
    "b": {
      "0": [
        12
      ],
      "1": [
        12
      ]
    },
    "_coverageSchema": "1a1c01bbd47fc00a2c39e90264f33305004495a9",
    "hash": "f0d2cc7730d92d7059179bb628dc87f01f3e5213"
  },
  "/Users/neilgebhard/mern-reddit/frontend/src/components/CreateComment.tsx": {
    "path": "/Users/neilgebhard/mern-reddit/frontend/src/components/CreateComment.tsx",
    "statementMap": {
      "0": {
        "start": {
          "line": 18,
          "column": 22
        },
        "end": {
[...]
            "line": 50,
            "column": 7
          },
          "end": {
            "line": 57,
            "column": 7
          }
        },
        "type": "binary-expr",
        "locations": [
          {
            "start": {
              "line": 50,
              "column": 7
            },
            "end": {
              "line": 50,
              "column": 16
            }
          },
          {
            "start": {
              "line": 51,
              "column": 8
            },
            "end": {
              "line": 56,
              "column": 10
            }
          }
        ],
        "line": 50
      }
    },
    "s": {
      "0": 18,
      "1": 30,
      "2": 30,
      "3": 2,
      "4": 2,
      "5": 30,
      "6": 2,
      "7": 2,
      "8": 6
    },
    "f": {
      "0": 30,
      "1": 2,
      "2": 2,
      "3": 2,
      "4": 6
    },
    "b": {
      "0": [
        30,
        4
      ]
    },
    "_coverageSchema": "1a1c01bbd47fc00a2c39e90264f33305004495a9",
    "hash": "41ff9ce35d37197bbe1af7d4ff413bab7c73d133"
  },
  "/Users/neilgebhard/mern-reddit/frontend/src/components/CommentList.tsx": {
    "path": "/Users/neilgebhard/mern-reddit/frontend/src/components/CommentList.tsx",
    "statementMap": {
      "0": {
        "start": {
          "line": 9,
          "column": 20
        },
        "end": {
          "line": 30,
          "column": 1
        }
      },
      "1": {
        "start": {
          "line": 10,
          "column": 2
        },
        "end": {
          "line": 16,
          "column": 3
        }
      },
      "2": {
        "start": {
          "line": 11,
          "column": 4
        },
        "end": {
          "line": 15,
          "column": 6
        }
      },
      "3": {
        "start": {
          "line": 18,
          "column": 2
        },
        "end": {
          "line": 29,
          "column": 4
        }
      },
      "4": {
        "start": {
          "line": 21,
          "column": 8
        },
        "end": {
          "line": 26,
          "column": 10
        }
      }
    },
    "fnMap": {
      "0": {
        "name": "(anonymous_0)",
        "decl": {
          "start": {
            "line": 9,
            "column": 20
          },
          "end": {
            "line": 9,
            "column": 21
          }
        },
        "loc": {
          "start": {
            "line": 9,
            "column": 55
          },
          "end": {
            "line": 30,
            "column": 1
          }
        },
        "line": 9
      },
      "1": {
        "name": "(anonymous_1)",
        "decl": {
          "start": {
            "line": 20,
            "column": 25
          },
          "end": {
            "line": 20,
            "column": 26
          }
        },
        "loc": {
          "start": {
            "line": 21,
            "column": 8
          },
          "end": {
            "line": 26,
            "column": 10
          }
        },
        "line": 21
      }
    },
    "branchMap": {
      "0": {
        "loc": {
          "start": {
            "line": 10,
            "column": 2
          },
          "end": {
            "line": 16,
            "column": 3
          }
        },
        "type": "if",
        "locations": [
          {
            "start": {
              "line": 10,
              "column": 2
            },
            "end": {
              "line": 16,
              "column": 3
            }
          },
          {
            "start": {
              "line": 10,
              "column": 2
            },
            "end": {
              "line": 16,
              "column": 3
            }
          }
        ],
        "line": 10
      }
    },
    "s": {
      "0": 18,
      "1": 30,
      "2": 8,
      "3": 22,
      "4": 22
    },
    "f": {
      "0": 30,
      "1": 22
    },
    "b": {
      "0": [
        8,
        22
      ]
    },
    "_coverageSchema": "1a1c01bbd47fc00a2c39e90264f33305004495a9",
    "hash": "f387dc57cdae62715e54616aaa8d4dfb5681f947"
  },
  "/Users/neilgebhard/mern-reddit/frontend/src/pages/Post.tsx": {
    "path": "/Users/neilgebhard/mern-reddit/frontend/src/pages/Post.tsx",
    "statementMap": {
      "0": {
        "start": {
          "line": 11,
          "column": 13
        },
        "end": {
          "line": 59,
          "column": 1
        }
      },
      "1": {
        "start": {
          "line": 12,
          "column": 26
        },
        "end": {
          "line": 12,
          "column": 54
        }
      },
      "2": {
        "start": {
          "line": 13,
          "column": 26
        },
        "end": {
          "line": 13,
          "column": 53
        }
      },
      "3": {
        "start": {
          "line": 14,
          "column": 26
        },
        "end": {
          "line": 14,
          "column": 57
        }
      },
      "4": {
        "start": {
          "line": 15,
          "column": 28
        },
        "end": {
          "line": 15,
          "column": 40
        }
      },
      "5": {
        "start": {
          "line": 17,
          "column": 20
        },
        "end": {
          "line": 25,
          "column": 14
        }
      },
      "6": {
        "start": {
          "line": 18,
          "column": 4
        },
        "end": {
          "line": 24,
          "column": 5
        }
      },
      "7": {
        "start": {
          "line": 19,
          "column": 38
        },
        "end": {
          "line": 19,
          "column": 77
        }
      },
      "8": {
        "start": {
          "line": 20,
          "column": 6
        },
        "end": {
          "line": 20,
          "column": 24
        }
      },
      "9": {
        "start": {
          "line": 22,
          "column": 23
        },
        "end": {
          "line": 22,
          "column": 33
        }
      },
      "10": {
        "start": {
          "line": 23,
          "column": 6
        },
        "end": {
          "line": 23,
          "column": 29
        }
      },
      "11": {
        "start": {
          "line": 27,
          "column": 2
        },
        "end": {
          "line": 29,
          "column": 18
        }
      },
      "12": {
        "start": {
          "line": 28,
          "column": 4
        },
        "end": {
          "line": 28,
          "column": 16
        }
      },
      "13": {
        "start": {
          "line": 31,
          "column": 2
        },
        "end": {
          "line": 58,
          "column": 4
        }
      }
    },
    "fnMap": {
      "0": {
        "name": "(anonymous_0)",
        "decl": {
          "start": {
            "line": 11,
            "column": 13
          },
          "end": {
            "line": 11,
            "column": 14
          }
        },
        "loc": {
          "start": {
            "line": 11,
            "column": 19
          },
          "end": {
            "line": 59,
            "column": 1
          }
        },
        "line": 11
      },
      "1": {
        "name": "(anonymous_1)",
        "decl": {
          "start": {
            "line": 17,
            "column": 32
          },
          "end": {
            "line": 17,
            "column": 33
          }
        },
        "loc": {
          "start": {
            "line": 17,
            "column": 44
          },
          "end": {
            "line": 25,
            "column": 3
          }
        },
        "line": 17
      },
      "2": {
        "name": "(anonymous_2)",
        "decl": {
          "start": {
            "line": 27,
            "column": 12
          },
          "end": {
            "line": 27,
            "column": 13
          }
        },
        "loc": {
          "start": {
            "line": 27,
            "column": 18
          },
          "end": {
            "line": 29,
            "column": 3
          }
        },
        "line": 27
      }
    },
    "branchMap": {
      "0": {
        "loc": {
          "start": {
            "line": 33,
            "column": 7
          },
          "end": {
            "line": 33,
            "column": 57
          }
        },
        "type": "binary-expr",
        "locations": [
          {
            "start": {
              "line": 33,
              "column": 7
            },
            "end": {
              "line": 33,
              "column": 11
            }
          },
          {
            "start": {
              "line": 33,
              "column": 15
            },
            "end": {
              "line": 33,
              "column": 57
            }
          }
        ],
        "line": 33
      },
      "1": {
        "loc": {
          "start": {
            "line": 34,
            "column": 7
          },
          "end": {
            "line": 34,
            "column": 39
          }
        },
        "type": "binary-expr",
        "locations": [
          {
            "start": {
              "line": 34,
              "column": 7
            },
            "end": {
              "line": 34,
              "column": 12
            }
          },
          {
            "start": {
              "line": 34,
              "column": 16
            },
            "end": {
              "line": 34,
              "column": 39
            }
          }
        ],
        "line": 34
      },
      "2": {
        "loc": {
          "start": {
            "line": 35,
            "column": 7
          },
          "end": {
            "line": 55,
            "column": 7
          }
        },
        "type": "cond-expr",
        "locations": [
          {
            "start": {
              "line": 36,
              "column": 8
            },
            "end": {
              "line": 36,
              "column": 62
            }
          },
          {
            "start": {
              "line": 38,
              "column": 8
            },
            "end": {
              "line": 54,
              "column": 14
            }
          }
        ],
        "line": 35
      },
      "3": {
        "loc": {
          "start": {
            "line": 35,
            "column": 7
          },
          "end": {
            "line": 35,
            "column": 30
          }
        },
        "type": "binary-expr",
        "locations": [
          {
            "start": {
              "line": 35,
              "column": 7
            },
            "end": {
              "line": 35,
              "column": 22
            }
          },
          {
            "start": {
              "line": 35,
              "column": 26
            },
            "end": {
              "line": 35,
              "column": 30
            }
          }
        ],
        "line": 35
      },
      "4": {
        "loc": {
          "start": {
            "line": 56,
            "column": 7
          },
          "end": {
            "line": 56,
            "column": 64
          }
        },
        "type": "binary-expr",
        "locations": [
          {
            "start": {
              "line": 56,
              "column": 7
            },
            "end": {
              "line": 56,
              "column": 11
            }
          },
          {
            "start": {
              "line": 56,
              "column": 15
            },
            "end": {
              "line": 56,
              "column": 64
            }
          }
        ],
        "line": 56
      }
    },
    "s": {
      "0": 18,
      "1": 46,
      "2": 46,
      "3": 46,
      "4": 46,
      "5": 46,
      "6": 14,
      "7": 14,
      "8": 13,
      "9": 0,
      "10": 0,
      "11": 46,
      "12": 8,
      "13": 46
    },
    "f": {
      "0": 46,
      "1": 14,
      "2": 8
    },
    "b": {
      "0": [
        46,
        30
      ],
      "1": [
        46,
        0
      ],
      "2": [
        30,
        16
      ],
      "3": [
        46,
        46
      ],
      "4": [
        46,
        30
      ]
    },
    "_coverageSchema": "1a1c01bbd47fc00a2c39e90264f33305004495a9",
    "hash": "cac25504fc34bbfb8c136af9809bee5399581fc7"
  },
  "/Users/neilgebhard/mern-reddit/frontend/src/pages/CreatePost.tsx": {
    "path": "/Users/neilgebhard/mern-reddit/frontend/src/pages/CreatePost.tsx",
    "statementMap": {
      "0": {
        "start": {
          "line": 11,
          "column": 19
        },
        "end": {
          "line": 17,
          "column": 2
        }
      },
      "1": {
        "start": {
          "line": 25,
          "column": 19
        },
        "end": {
          "line": 90,
          "column": 1
        }
      },
      "2": {
        "start": {
          "line": 26,
          "column": 18
        },
        "end": {
          "line": 26,
          "column": 30
        }
      },
      "3": {
        "start": {
          "line": 27,
          "column": 32
        },
        "end": {
          "line": 27,
          "column": 47
        }
      },
      "4": {
        "start": {
          "line": 28,
          "column": 28
        },
        "end": {
          "line": 28,
          "column": 40
        }
      },
      "5": {
        "start": {
          "line": 30,
          "column": 23
        },
        "end": {
          "line": 41,
          "column": 3
        }
      },
      "6": {
        "start": {
          "line": 31,
          "column": 4
        },
        "end": {
          "line": 40,
          "column": 5
        }
      },
      "7": {
        "start": {
          "line": 32,
          "column": 6
        },
        "end": {
          "line": 32,
          "column": 23
        }
      },
      "8": {
        "start": {
          "line": 33,
          "column": 6
        },
        "end": {
          "line": 33,
          "column": 19
        }
      },
      "9": {
        "start": {
          "line": 34,
          "column": 6
        },
        "end": {
          "line": 34,
          "column": 45
        }
      },
      "10": {
        "start": {
          "line": 35,
          "column": 6
        },
        "end": {
          "line": 35,
          "column": 24
        }
      },
      "11": {
        "start": {
          "line": 37,
          "column": 6
        },
        "end": {
          "line": 37,
          "column": 24
        }
      },
      "12": {
        "start": {
          "line": 38,
          "column": 23
        },
        "end": {
          "line": 38,
          "column": 33
        }
      },
      "13": {
        "start": {
          "line": 39,
          "column": 6
        },
        "end": {
          "line": 39,
          "column": 29
        }
      },
      "14": {
        "start": {
          "line": 43,
          "column": 36
        },
        "end": {
          "line": 47,
          "column": 3
        }
      },
      "15": {
        "start": {
          "line": 48,
          "column": 2
        },
        "end": {
          "line": 89,
          "column": 4
        }
      },
      "16": {
        "start": {
          "line": 53,
          "column": 32
        },
        "end": {
          "line": 53,
          "column": 52
        }
      }
    },
    "fnMap": {
      "0": {
        "name": "(anonymous_0)",
        "decl": {
          "start": {
            "line": 25,
            "column": 19
          },
          "end": {
            "line": 25,
            "column": 20
          }
        },
        "loc": {
          "start": {
            "line": 25,
            "column": 25
          },
          "end": {
            "line": 90,
            "column": 1
          }
        },
        "line": 25
      },
      "1": {
        "name": "(anonymous_1)",
        "decl": {
          "start": {
            "line": 30,
            "column": 23
          },
          "end": {
            "line": 30,
            "column": 24
          }
        },
        "loc": {
          "start": {
            "line": 30,
            "column": 53
          },
          "end": {
            "line": 41,
            "column": 3
          }
        },
        "line": 30
      },
      "2": {
        "name": "(anonymous_2)",
        "decl": {
          "start": {
            "line": 53,
            "column": 20
          },
          "end": {
            "line": 53,
            "column": 21
          }
        },
        "loc": {
          "start": {
            "line": 53,
            "column": 32
          },
          "end": {
            "line": 53,
            "column": 52
          }
        },
        "line": 53
      }
    },
    "branchMap": {
      "0": {
        "loc": {
          "start": {
            "line": 84,
            "column": 13
          },
          "end": {
            "line": 84,
            "column": 45
          }
        },
        "type": "binary-expr",
        "locations": [
          {
            "start": {
              "line": 84,
              "column": 13
            },
            "end": {
              "line": 84,
              "column": 18
            }
          },
          {
            "start": {
              "line": 84,
              "column": 22
            },
            "end": {
              "line": 84,
              "column": 45
            }
          }
        ],
        "line": 84
      }
    },
    "s": {
      "0": 18,
      "1": 18,
      "2": 12,
      "3": 12,
      "4": 12,
      "5": 12,
      "6": 2,
      "7": 2,
      "8": 2,
      "9": 2,
      "10": 2,
      "11": 0,
      "12": 0,
      "13": 0,
      "14": 12,
      "15": 12,
      "16": 2
    },
    "f": {
      "0": 12,
      "1": 2,
      "2": 2
    },
    "b": {
      "0": [
        12,
        0
      ]
    },
    "_coverageSchema": "1a1c01bbd47fc00a2c39e90264f33305004495a9",
    "hash": "d4c6d321bb732b7d1eadec73110d8e1bf6a842c2"
  },
  "/Users/neilgebhard/mern-reddit/frontend/src/App.tsx": {
    "path": "/Users/neilgebhard/mern-reddit/frontend/src/App.tsx",
    "statementMap": {
      "0": {
        "start": {
          "line": 11,
          "column": 0
        },
        "end": {
          "line": 11,
          "column": 38
        }
      },
      "1": {
        "start": {
          "line": 12,
          "column": 0
        },
        "end": {
          "line": 12,
          "column": 54
        }
      },
      "2": {
        "start": {
          "line": 14,
          "column": 12
        },
        "end": {
          "line": 28,
          "column": 1
        }
      },
      "3": {
        "start": {
          "line": 15,
          "column": 2
        },
        "end": {
          "line": 27,
          "column": 4
        }
      }
    },
    "fnMap": {
      "0": {
        "name": "(anonymous_0)",
        "decl": {
          "start": {
            "line": 14,
            "column": 12
          },
          "end": {
            "line": 14,
            "column": 13
          }
        },
        "loc": {
          "start": {
            "line": 14,
            "column": 18
          },
          "end": {
            "line": 28,
            "column": 1
          }
        },
        "line": 14
      }
    },
    "branchMap": {},
    "s": {
      "0": 18,
      "1": 18,
      "2": 18,
      "3": 36
    },
    "f": {
      "0": 36
    },
    "b": {},
    "_coverageSchema": "1a1c01bbd47fc00a2c39e90264f33305004495a9",
    "hash": "67b8cfd2a27ca702353e746d45c91e9d7af377ca"
  },
  "/Users/neilgebhard/mern-reddit/frontend/src/index.tsx": {
    "path": "/Users/neilgebhard/mern-reddit/frontend/src/index.tsx",
    "statementMap": {
      "0": {
        "start": {
          "line": 7,
          "column": 0
        },
        "end": {
          "line": 14,
          "column": 2
        }
      }
    },
    "fnMap": {},
    "branchMap": {},
    "s": {
      "0": 18
    },
    "f": {},
    "b": {},
    "_coverageSchema": "1a1c01bbd47fc00a2c39e90264f33305004495a9",
    "hash": "71c131ab5df3844e74634a9ce31617ea806e79d3"
  }
}